host: t09.hpcc.dartmouth.edu
Building DAG of jobs...
Using shell: /usr/bin/bash
Provided cores: 1 (use --cores to define parallelism)
Rules claiming more threads will be scaled down.
Job stats:
job                     count
--------------------  -------
all                         1
compute_ld_scores          22
create_annotations         16
enrichment_ldsc             1
get_significant_loci        1
munge_sumstats              1
total                      42

Select jobs to execute...
Execute 1 jobs...

[Tue Dec 17 14:03:54 2024]
localrule compute_ld_scores:
    input: /dartfs/rc/lab/S/Szhao/katieh/organoid-rotation/outputs/annotations/IBD3/IBD3.5.annot.gz
    output: /dartfs/rc/lab/S/Szhao/katieh/organoid-rotation/outputs/annotations/IBD3/IBD3.5.l2.ldscore.parquet
    jobid: 11
    reason: Missing output files: /dartfs/rc/lab/S/Szhao/katieh/organoid-rotation/outputs/annotations/IBD3/IBD3.5.l2.ldscore.parquet
    wildcards: traits=IBD3, chrom=5
    resources: tmpdir=/scratch

[Tue Dec 17 14:04:04 2024]
Error in rule compute_ld_scores:
    jobid: 11
    input: /dartfs/rc/lab/S/Szhao/katieh/organoid-rotation/outputs/annotations/IBD3/IBD3.5.annot.gz
    output: /dartfs/rc/lab/S/Szhao/katieh/organoid-rotation/outputs/annotations/IBD3/IBD3.5.l2.ldscore.parquet
    shell:
        
        python /dartfs/rc/lab/S/Szhao/katieh/polyfun/compute_ldscores.py                --bfile /dartfs/rc/lab/S/Szhao/fine-mapping/cancer-polyfun/1000G_EUR_Phase3_plink/1000G.EUR.QC.5                --annot /dartfs/rc/lab/S/Szhao/katieh/organoid-rotation/outputs/annotations/IBD3/IBD3.5.annot.gz                --out /dartfs/rc/lab/S/Szhao/katieh/organoid-rotation/outputs/annotations/IBD3/IBD3.5.l2.ldscore.parquet
        
        (one of the commands exited with non-zero exit code; note that snakemake uses bash strict mode!)

Shutting down, this might take some time.
Exiting because a job execution failed. Look above for error message
Complete log: .snakemake/log/2024-12-17T140354.463114.snakemake.log
WorkflowError:
At least one job did not complete successfully.
