Processing: tar_file=phs002453.MVP_R4.1000G_AGR.GIA.Labs_batch1.analysis-PI.MULTI.tar, file_name=MVP_R4.1000G_AGR.A1C_Mean_INT.EUR.GIA.dbGaP.txt.gz
Processing: tar_file=phs002453.MVP_R4.1000G_AGR.GIA.Labs_batch1.analysis-PI.MULTI.tar, file_name=MVP_R4.1000G_AGR.A1C_Mean_INT.EUR.GIA.dbGaP.metadata.txt
Processing: tar_file=phs002453.MVP_R4.1000G_AGR.GIA.Labs_batch1.analysis-PI.MULTI.tar, file_name=MVP_R4.1000G_AGR.Albumin_Mean_INT.EUR.GIA.dbGaP.metadata.txt
Processing: tar_file=phs002453.MVP_R4.1000G_AGR.GIA.Labs_batch1.analysis-PI.MULTI.tar, file_name=MVP_R4.1000G_AGR.Albumin_Mean_INT.EUR.GIA.dbGaP.txt.gz
Processing: tar_file=phs002453.MVP_R4.1000G_AGR.GIA.Labs_batch1.analysis-PI.MULTI.tar, file_name=MVP_R4.1000G_AGR.ALT_Mean_INT.EUR.GIA.dbGaP.metadata.txt
Processing: tar_file=phs002453.MVP_R4.1000G_AGR.GIA.Labs_batch1.analysis-PI.MULTI.tar, file_name=MVP_R4.1000G_AGR.ALT_Mean_INT.EUR.GIA.dbGaP.txt.gz
Processing: tar_file=phs002453.MVP_R4.1000G_AGR.GIA.Labs_batch1.analysis-PI.MULTI.tar, file_name=MVP_R4.1000G_AGR.AST_Mean_INT.EUR.GIA.dbGaP.txt.gz
Processing: tar_file=phs002453.MVP_R4.1000G_AGR.GIA.Labs_batch1.analysis-PI.MULTI.tar, file_name=MVP_R4.1000G_AGR.AST_Mean_INT.EUR.GIA.dbGaP.metadata.txt
Processing: tar_file=phs002453.MVP_R4.1000G_AGR.GIA.Labs_batch1.analysis-PI.MULTI.tar, file_name=MVP_R4.1000G_AGR.Baso_Abs_Mean_INT.EUR.GIA.dbGaP.metadata.txt
Processing: tar_file=phs002453.MVP_R4.1000G_AGR.GIA.Labs_batch1.analysis-PI.MULTI.tar, file_name=MVP_R4.1000G_AGR.Baso_Abs_Mean_INT.EUR.GIA.dbGaP.txt.gz
Processing: tar_file=phs002453.MVP_R4.1000G_AGR.GIA.Labs_batch1.analysis-PI.MULTI.tar, file_name=MVP_R4.1000G_AGR.Baso_Fra_Mean_INT.EUR.GIA.dbGaP.metadata.txt
Processing: tar_file=phs002453.MVP_R4.1000G_AGR.GIA.Labs_batch1.analysis-PI.MULTI.tar, file_name=MVP_R4.1000G_AGR.Baso_Fra_Mean_INT.EUR.GIA.dbGaP.txt.gz
Processing: tar_file=phs002453.MVP_R4.1000G_AGR.GIA.Labs_batch1.analysis-PI.MULTI.tar, file_name=MVP_R4.1000G_AGR.Bicarbonate_Mean_INT.EUR.GIA.dbGaP.txt.gz
Processing: tar_file=phs002453.MVP_R4.1000G_AGR.GIA.Labs_batch1.analysis-PI.MULTI.tar, file_name=MVP_R4.1000G_AGR.Bicarbonate_Mean_INT.EUR.GIA.dbGaP.metadata.txt
Processing: tar_file=phs002453.MVP_R4.1000G_AGR.GIA.Surveys_Vitals_Quantitative.analysis-PI.MULTI.tar, file_name=MVP_R4.1000G_AGR.BMI_Mean_INT.EUR.GIA.dbGaP.txt.gz
Processing: tar_file=phs002453.MVP_R4.1000G_AGR.GIA.Surveys_Vitals_Quantitative.analysis-PI.MULTI.tar, file_name=MVP_R4.1000G_AGR.BMI_Mean_INT.EUR.GIA.dbGaP.metadata.txt
Processing: tar_file=phs002453.MVP_R4.1000G_AGR.GIA.Labs_batch1.analysis-PI.MULTI.tar, file_name=MVP_R4.1000G_AGR.BUN_BSP_Mean_INT.EUR.GIA.dbGaP.metadata.txt
Processing: tar_file=phs002453.MVP_R4.1000G_AGR.GIA.Labs_batch1.analysis-PI.MULTI.tar, file_name=MVP_R4.1000G_AGR.BUN_BSP_Mean_INT.EUR.GIA.dbGaP.txt.gz
Processing: tar_file=phs002453.MVP_R4.1000G_AGR.GIA.Labs_batch1.analysis-PI.MULTI.tar, file_name=MVP_R4.1000G_AGR.Calcium_mg_Mean_INT.EUR.GIA.dbGaP.txt.gz
Processing: tar_file=phs002453.MVP_R4.1000G_AGR.GIA.Labs_batch1.analysis-PI.MULTI.tar, file_name=MVP_R4.1000G_AGR.Calcium_mg_Mean_INT.EUR.GIA.dbGaP.metadata.txt
Processing: tar_file=phs002453.MVP_R4.1000G_AGR.GIA.Labs_batch1.analysis-PI.MULTI.tar, file_name=MVP_R4.1000G_AGR.Chloride_BSP_Mean_INT.EUR.GIA.dbGaP.metadata.txt
Processing: tar_file=phs002453.MVP_R4.1000G_AGR.GIA.Labs_batch1.analysis-PI.MULTI.tar, file_name=MVP_R4.1000G_AGR.Chloride_BSP_Mean_INT.EUR.GIA.dbGaP.txt.gz
Processing: tar_file=phs002453.MVP_R4.1000G_AGR.GIA.Labs_batch1.analysis-PI.MULTI.tar, file_name=MVP_R4.1000G_AGR.CKMB_Abs_Mean_INT.EUR.GIA.dbGaP.txt.gz
Processing: tar_file=phs002453.MVP_R4.1000G_AGR.GIA.Labs_batch1.analysis-PI.MULTI.tar, file_name=MVP_R4.1000G_AGR.CKMB_Abs_Mean_INT.EUR.GIA.dbGaP.metadata.txt
Processing: tar_file=phs002453.MVP_R4.1000G_AGR.GIA.Labs_batch1.analysis-PI.MULTI.tar, file_name=MVP_R4.1000G_AGR.Creat_BSP_Mean_INT.EUR.GIA.dbGaP.txt.gz
Processing: tar_file=phs002453.MVP_R4.1000G_AGR.GIA.Labs_batch1.analysis-PI.MULTI.tar, file_name=MVP_R4.1000G_AGR.Creat_BSP_Mean_INT.EUR.GIA.dbGaP.metadata.txt
Processing: tar_file=phs002453.MVP_R4.1000G_AGR.GIA.Labs_batch1.analysis-PI.MULTI.tar, file_name=MVP_R4.1000G_AGR.CRP_dL_Mean_INT.EUR.GIA.dbGaP.metadata.txt
Processing: tar_file=phs002453.MVP_R4.1000G_AGR.GIA.Labs_batch1.analysis-PI.MULTI.tar, file_name=MVP_R4.1000G_AGR.CRP_dL_Mean_INT.EUR.GIA.dbGaP.txt.gz
Processing: tar_file=phs002453.MVP_R4.1000G_AGR.GIA.Labs_batch1.analysis-PI.MULTI.tar, file_name=MVP_R4.1000G_AGR.CRP_L_Mean_INT.EUR.GIA.dbGaP.txt.gz
Processing: tar_file=phs002453.MVP_R4.1000G_AGR.GIA.Labs_batch1.analysis-PI.MULTI.tar, file_name=MVP_R4.1000G_AGR.CRP_L_Mean_INT.EUR.GIA.dbGaP.metadata.txt
Processing: tar_file=phs002453.MVP_R4.1000G_AGR.GIA.Surveys_Vitals_Quantitative.analysis-PI.MULTI.tar, file_name=MVP_R4.1000G_AGR.Diastolic_Mean_INT.EUR.GIA.dbGaP.metadata.txt
Processing: tar_file=phs002453.MVP_R4.1000G_AGR.GIA.Surveys_Vitals_Quantitative.analysis-PI.MULTI.tar, file_name=MVP_R4.1000G_AGR.Diastolic_Mean_INT.EUR.GIA.dbGaP.txt.gz
Processing: tar_file=phs002453.MVP_R4.1000G_AGR.GIA.Labs_batch1.analysis-PI.MULTI.tar, file_name=MVP_R4.1000G_AGR.eGFR_Mean_INT.EUR.GIA.dbGaP.metadata.txt
Processing: tar_file=phs002453.MVP_R4.1000G_AGR.GIA.Labs_batch1.analysis-PI.MULTI.tar, file_name=MVP_R4.1000G_AGR.eGFR_Mean_INT.EUR.GIA.dbGaP.txt.gz
Processing: tar_file=phs002453.MVP_R4.1000G_AGR.GIA.Labs_batch1.analysis-PI.MULTI.tar, file_name=MVP_R4.1000G_AGR.Eos_Abs_Mean_INT.EUR.GIA.dbGaP.metadata.txt
Processing: tar_file=phs002453.MVP_R4.1000G_AGR.GIA.Labs_batch1.analysis-PI.MULTI.tar, file_name=MVP_R4.1000G_AGR.Eos_Abs_Mean_INT.EUR.GIA.dbGaP.txt.gz
Processing: tar_file=phs002453.MVP_R4.1000G_AGR.GIA.Labs_batch1.analysis-PI.MULTI.tar, file_name=MVP_R4.1000G_AGR.Eos_Fra_Mean_INT.EUR.GIA.dbGaP.metadata.txt
Processing: tar_file=phs002453.MVP_R4.1000G_AGR.GIA.Labs_batch1.analysis-PI.MULTI.tar, file_name=MVP_R4.1000G_AGR.Eos_Fra_Mean_INT.EUR.GIA.dbGaP.txt.gz
Processing: tar_file=phs002453.MVP_R4.1000G_AGR.GIA.Labs_batch1.analysis-PI.MULTI.tar, file_name=MVP_R4.1000G_AGR.ESR_Mean_INT.EUR.GIA.dbGaP.metadata.txt
Processing: tar_file=phs002453.MVP_R4.1000G_AGR.GIA.Labs_batch1.analysis-PI.MULTI.tar, file_name=MVP_R4.1000G_AGR.ESR_Mean_INT.EUR.GIA.dbGaP.txt.gz
Processing: tar_file=phs002453.MVP_R4.1000G_AGR.GIA.Labs_batch2.analysis-PI.MULTI.tar, file_name=MVP_R4.1000G_AGR.Ferritin_Mean_INT.EUR.GIA.dbGaP.txt.gz
Processing: tar_file=phs002453.MVP_R4.1000G_AGR.GIA.Labs_batch2.analysis-PI.MULTI.tar, file_name=MVP_R4.1000G_AGR.Ferritin_Mean_INT.EUR.GIA.dbGaP.metadata.txt
Processing: tar_file=phs002453.MVP_R4.1000G_AGR.GIA.Labs_batch2.analysis-PI.MULTI.tar, file_name=MVP_R4.1000G_AGR.Glucose_FS_Mean_INT.EUR.GIA.dbGaP.metadata.txt
Processing: tar_file=phs002453.MVP_R4.1000G_AGR.GIA.Labs_batch2.analysis-PI.MULTI.tar, file_name=MVP_R4.1000G_AGR.Glucose_FS_Mean_INT.EUR.GIA.dbGaP.txt.gz
Processing: tar_file=phs002453.MVP_R4.1000G_AGR.GIA.Labs_batch2.analysis-PI.MULTI.tar, file_name=MVP_R4.1000G_AGR.Glucose_Mean_INT.EUR.GIA.dbGaP.metadata.txt
Processing: tar_file=phs002453.MVP_R4.1000G_AGR.GIA.Labs_batch2.analysis-PI.MULTI.tar, file_name=MVP_R4.1000G_AGR.Glucose_Mean_INT.EUR.GIA.dbGaP.txt.gz
Processing: tar_file=phs002453.MVP_R4.1000G_AGR.GIA.Labs_batch2.analysis-PI.MULTI.tar, file_name=MVP_R4.1000G_AGR.HCT_Mean_INT.EUR.GIA.dbGaP.txt.gz
Processing: tar_file=phs002453.MVP_R4.1000G_AGR.GIA.Labs_batch2.analysis-PI.MULTI.tar, file_name=MVP_R4.1000G_AGR.HCT_Mean_INT.EUR.GIA.dbGaP.metadata.txt
Processing: tar_file=phs002453.MVP_R4.1000G_AGR.GIA.Labs_batch2.analysis-PI.MULTI.tar, file_name=MVP_R4.1000G_AGR.HDLC_Mean_INT.EUR.GIA.dbGaP.txt.gz
Processing: tar_file=phs002453.MVP_R4.1000G_AGR.GIA.Labs_batch2.analysis-PI.MULTI.tar, file_name=MVP_R4.1000G_AGR.HDLC_Mean_INT.EUR.GIA.dbGaP.metadata.txt
Processing: tar_file=phs002453.MVP_R4.1000G_AGR.GIA.Surveys_Vitals_Quantitative.analysis-PI.MULTI.tar, file_name=MVP_R4.1000G_AGR.Height_Mean_INT.EUR.GIA.dbGaP.metadata.txt
Processing: tar_file=phs002453.MVP_R4.1000G_AGR.GIA.Surveys_Vitals_Quantitative.analysis-PI.MULTI.tar, file_name=MVP_R4.1000G_AGR.Height_Mean_INT.EUR.GIA.dbGaP.txt.gz
Processing: tar_file=phs002453.MVP_R4.1000G_AGR.GIA.Labs_batch2.analysis-PI.MULTI.tar, file_name=MVP_R4.1000G_AGR.Hemoglobin_Mean_INT.EUR.GIA.dbGaP.metadata.txt
Processing: tar_file=phs002453.MVP_R4.1000G_AGR.GIA.Labs_batch2.analysis-PI.MULTI.tar, file_name=MVP_R4.1000G_AGR.Hemoglobin_Mean_INT.EUR.GIA.dbGaP.txt.gz
Processing: tar_file=phs002453.MVP_R4.1000G_AGR.GIA.Labs_batch2.analysis-PI.MULTI.tar, file_name=MVP_R4.1000G_AGR.INR_Mean_INT.EUR.GIA.dbGaP.metadata.txt
Processing: tar_file=phs002453.MVP_R4.1000G_AGR.GIA.Labs_batch2.analysis-PI.MULTI.tar, file_name=MVP_R4.1000G_AGR.INR_Mean_INT.EUR.GIA.dbGaP.txt.gz
Processing: tar_file=phs002453.MVP_R4.1000G_AGR.GIA.Labs_batch2.analysis-PI.MULTI.tar, file_name=MVP_R4.1000G_AGR.Iron_Mean_INT.EUR.GIA.dbGaP.metadata.txt
Processing: tar_file=phs002453.MVP_R4.1000G_AGR.GIA.Labs_batch2.analysis-PI.MULTI.tar, file_name=MVP_R4.1000G_AGR.Iron_Mean_INT.EUR.GIA.dbGaP.txt.gz
Processing: tar_file=phs002453.MVP_R4.1000G_AGR.GIA.Labs_batch2.analysis-PI.MULTI.tar, file_name=MVP_R4.1000G_AGR.LDLC_Mean_INT.EUR.GIA.dbGaP.metadata.txt
Processing: tar_file=phs002453.MVP_R4.1000G_AGR.GIA.Labs_batch2.analysis-PI.MULTI.tar, file_name=MVP_R4.1000G_AGR.LDLC_Mean_INT.EUR.GIA.dbGaP.txt.gz
Processing: tar_file=phs002453.MVP_R4.1000G_AGR.GIA.Labs_batch2.analysis-PI.MULTI.tar, file_name=MVP_R4.1000G_AGR.MCH_Mean_INT.EUR.GIA.dbGaP.metadata.txt
Processing: tar_file=phs002453.MVP_R4.1000G_AGR.GIA.Labs_batch2.analysis-PI.MULTI.tar, file_name=MVP_R4.1000G_AGR.MCH_Mean_INT.EUR.GIA.dbGaP.txt.gz
Processing: tar_file=phs002453.MVP_R4.1000G_AGR.GIA.Labs_batch2.analysis-PI.MULTI.tar, file_name=MVP_R4.1000G_AGR.MCHC_Mean_INT.EUR.GIA.dbGaP.txt.gz
Processing: tar_file=phs002453.MVP_R4.1000G_AGR.GIA.Labs_batch2.analysis-PI.MULTI.tar, file_name=MVP_R4.1000G_AGR.MCHC_Mean_INT.EUR.GIA.dbGaP.metadata.txt
Processing: tar_file=phs002453.MVP_R4.1000G_AGR.GIA.Labs_batch2.analysis-PI.MULTI.tar, file_name=MVP_R4.1000G_AGR.MCV_Mean_INT.EUR.GIA.dbGaP.metadata.txt
Processing: tar_file=phs002453.MVP_R4.1000G_AGR.GIA.Labs_batch2.analysis-PI.MULTI.tar, file_name=MVP_R4.1000G_AGR.MCV_Mean_INT.EUR.GIA.dbGaP.txt.gz
Processing: tar_file=phs002453.MVP_R4.1000G_AGR.GIA.Labs_batch2.analysis-PI.MULTI.tar, file_name=MVP_R4.1000G_AGR.Mg_BSP_Mean_INT.EUR.GIA.dbGaP.metadata.txt
Processing: tar_file=phs002453.MVP_R4.1000G_AGR.GIA.Labs_batch2.analysis-PI.MULTI.tar, file_name=MVP_R4.1000G_AGR.Mg_BSP_Mean_INT.EUR.GIA.dbGaP.txt.gz
Processing: tar_file=phs002453.MVP_R4.1000G_AGR.GIA.Labs_batch2.analysis-PI.MULTI.tar, file_name=MVP_R4.1000G_AGR.Mono_Abs_Mean_INT.EUR.GIA.dbGaP.txt.gz
Processing: tar_file=phs002453.MVP_R4.1000G_AGR.GIA.Labs_batch2.analysis-PI.MULTI.tar, file_name=MVP_R4.1000G_AGR.Mono_Abs_Mean_INT.EUR.GIA.dbGaP.metadata.txt
Processing: tar_file=phs002453.MVP_R4.1000G_AGR.GIA.Labs_batch2.analysis-PI.MULTI.tar, file_name=MVP_R4.1000G_AGR.Mono_Fra_Mean_INT.EUR.GIA.dbGaP.txt.gz
Processing: tar_file=phs002453.MVP_R4.1000G_AGR.GIA.Labs_batch2.analysis-PI.MULTI.tar, file_name=MVP_R4.1000G_AGR.Mono_Fra_Mean_INT.EUR.GIA.dbGaP.metadata.txt
Processing: tar_file=phs002453.MVP_R4.1000G_AGR.GIA.Labs_batch2.analysis-PI.MULTI.tar, file_name=MVP_R4.1000G_AGR.MPV_Mean_INT.EUR.GIA.dbGaP.metadata.txt
Processing: tar_file=phs002453.MVP_R4.1000G_AGR.GIA.Labs_batch2.analysis-PI.MULTI.tar, file_name=MVP_R4.1000G_AGR.MPV_Mean_INT.EUR.GIA.dbGaP.txt.gz
Processing: tar_file=phs002453.MVP_R4.1000G_AGR.GIA.Labs_batch3.analysis-PI.MULTI.tar, file_name=MVP_R4.1000G_AGR.Neut_Abs_Mean_INT.EUR.GIA.dbGaP.txt.gz
Processing: tar_file=phs002453.MVP_R4.1000G_AGR.GIA.Labs_batch3.analysis-PI.MULTI.tar, file_name=MVP_R4.1000G_AGR.Neut_Abs_Mean_INT.EUR.GIA.dbGaP.metadata.txt
Processing: tar_file=phs002453.MVP_R4.1000G_AGR.GIA.Labs_batch3.analysis-PI.MULTI.tar, file_name=MVP_R4.1000G_AGR.Neut_Fra_Mean_INT.EUR.GIA.dbGaP.txt.gz
Processing: tar_file=phs002453.MVP_R4.1000G_AGR.GIA.Labs_batch3.analysis-PI.MULTI.tar, file_name=MVP_R4.1000G_AGR.Neut_Fra_Mean_INT.EUR.GIA.dbGaP.metadata.txt
Processing: tar_file=phs002453.MVP_R4.1000G_AGR.GIA.PheCodes_Neoplasms_batch1.analysis-PI.MULTI.tar, file_name=MVP_R4.1000G_AGR.Phe_153.EUR.GIA.dbGaP.metadata.txt
Processing: tar_file=phs002453.MVP_R4.1000G_AGR.GIA.PheCodes_Neoplasms_batch1.analysis-PI.MULTI.tar, file_name=MVP_R4.1000G_AGR.Phe_153.EUR.GIA.dbGaP.txt.gz
Processing: tar_file=phs002453.MVP_R4.1000G_AGR.GIA.PheCodes_Neoplasms_batch2.analysis-PI.MULTI.tar, file_name=MVP_R4.1000G_AGR.Phe_208.EUR.GIA.dbGaP.metadata.txt
Processing: tar_file=phs002453.MVP_R4.1000G_AGR.GIA.PheCodes_Neoplasms_batch2.analysis-PI.MULTI.tar, file_name=MVP_R4.1000G_AGR.Phe_208.EUR.GIA.dbGaP.txt.gz
Processing: tar_file=phs002453.MVP_R4.1000G_AGR.GIA.PheCodes_EndocrineMetabolic_batch1.analysis-PI.MULTI.tar, file_name=MVP_R4.1000G_AGR.Phe_250.EUR.GIA.dbGaP.metadata.txt
Processing: tar_file=phs002453.MVP_R4.1000G_AGR.GIA.PheCodes_EndocrineMetabolic_batch1.analysis-PI.MULTI.tar, file_name=MVP_R4.1000G_AGR.Phe_250.EUR.GIA.dbGaP.txt.gz
Processing: tar_file=phs002453.MVP_R4.1000G_AGR.GIA.PheCodes_EndocrineMetabolic_batch1.analysis-PI.MULTI.tar, file_name=MVP_R4.1000G_AGR.Phe_250_1.EUR.GIA.dbGaP.metadata.txt
Processing: tar_file=phs002453.MVP_R4.1000G_AGR.GIA.PheCodes_EndocrineMetabolic_batch1.analysis-PI.MULTI.tar, file_name=MVP_R4.1000G_AGR.Phe_250_1.EUR.GIA.dbGaP.txt.gz
Processing: tar_file=phs002453.MVP_R4.1000G_AGR.GIA.PheCodes_EndocrineMetabolic_batch1.analysis-PI.MULTI.tar, file_name=MVP_R4.1000G_AGR.Phe_250_2.EUR.GIA.dbGaP.txt.gz
Processing: tar_file=phs002453.MVP_R4.1000G_AGR.GIA.PheCodes_EndocrineMetabolic_batch1.analysis-PI.MULTI.tar, file_name=MVP_R4.1000G_AGR.Phe_250_2.EUR.GIA.dbGaP.metadata.txt
Processing: tar_file=phs002453.MVP_R4.1000G_AGR.GIA.PheCodes_EndocrineMetabolic_batch1.analysis-PI.MULTI.tar, file_name=MVP_R4.1000G_AGR.Phe_250_4.EUR.GIA.dbGaP.txt.gz
Processing: tar_file=phs002453.MVP_R4.1000G_AGR.GIA.PheCodes_EndocrineMetabolic_batch1.analysis-PI.MULTI.tar, file_name=MVP_R4.1000G_AGR.Phe_250_4.EUR.GIA.dbGaP.metadata.txt
Processing: tar_file=phs002453.MVP_R4.1000G_AGR.GIA.PheCodes_EndocrineMetabolic_batch1.analysis-PI.MULTI.tar, file_name=MVP_R4.1000G_AGR.Phe_250_41.EUR.GIA.dbGaP.txt.gz
Processing: tar_file=phs002453.MVP_R4.1000G_AGR.GIA.PheCodes_EndocrineMetabolic_batch1.analysis-PI.MULTI.tar, file_name=MVP_R4.1000G_AGR.Phe_250_41.EUR.GIA.dbGaP.metadata.txt
Processing: tar_file=phs002453.MVP_R4.1000G_AGR.GIA.PheCodes_EndocrineMetabolic_batch1.analysis-PI.MULTI.tar, file_name=MVP_R4.1000G_AGR.Phe_260.EUR.GIA.dbGaP.txt.gz
Processing: tar_file=phs002453.MVP_R4.1000G_AGR.GIA.PheCodes_EndocrineMetabolic_batch1.analysis-PI.MULTI.tar, file_name=MVP_R4.1000G_AGR.Phe_260.EUR.GIA.dbGaP.metadata.txt
Processing: tar_file=phs002453.MVP_R4.1000G_AGR.GIA.PheCodes_EndocrineMetabolic_batch2.analysis-PI.MULTI.tar, file_name=MVP_R4.1000G_AGR.Phe_261.EUR.GIA.dbGaP.txt.gz
Processing: tar_file=phs002453.MVP_R4.1000G_AGR.GIA.PheCodes_EndocrineMetabolic_batch2.analysis-PI.MULTI.tar, file_name=MVP_R4.1000G_AGR.Phe_261.EUR.GIA.dbGaP.metadata.txt
Processing: tar_file=phs002453.MVP_R4.1000G_AGR.GIA.PheCodes_EndocrineMetabolic_batch2.analysis-PI.MULTI.tar, file_name=MVP_R4.1000G_AGR.Phe_261_2.EUR.GIA.dbGaP.txt.gz
Processing: tar_file=phs002453.MVP_R4.1000G_AGR.GIA.PheCodes_EndocrineMetabolic_batch2.analysis-PI.MULTI.tar, file_name=MVP_R4.1000G_AGR.Phe_261_2.EUR.GIA.dbGaP.metadata.txt
Processing: tar_file=phs002453.MVP_R4.1000G_AGR.GIA.PheCodes_EndocrineMetabolic_batch2.analysis-PI.MULTI.tar, file_name=MVP_R4.1000G_AGR.Phe_261_4.EUR.GIA.dbGaP.txt.gz
Processing: tar_file=phs002453.MVP_R4.1000G_AGR.GIA.PheCodes_EndocrineMetabolic_batch2.analysis-PI.MULTI.tar, file_name=MVP_R4.1000G_AGR.Phe_261_4.EUR.GIA.dbGaP.metadata.txt
Processing: tar_file=phs002453.MVP_R4.1000G_AGR.GIA.PheCodes_EndocrineMetabolic_batch2.analysis-PI.MULTI.tar, file_name=MVP_R4.1000G_AGR.Phe_269.EUR.GIA.dbGaP.txt.gz
Processing: tar_file=phs002453.MVP_R4.1000G_AGR.GIA.PheCodes_EndocrineMetabolic_batch2.analysis-PI.MULTI.tar, file_name=MVP_R4.1000G_AGR.Phe_269.EUR.GIA.dbGaP.metadata.txt
slurmstepd: error: *** JOB 3597358 ON t02 CANCELLED AT 2025-02-03T19:51:38 ***
