host: t11.hpcc.dartmouth.edu
Building DAG of jobs...
Using shell: /usr/bin/bash
Provided cores: 1 (use --cores to define parallelism)
Rules claiming more threads will be scaled down.
Job stats:
job                     count
--------------------  -------
all                         1
clean_sumstats              1
compute_ld_scores          22
create_annotations         22
enrichment_ldsc             1
get_significant_loci        1
munge_sumstats              1
vcf_preprocess              1
total                      50

Select jobs to execute...
Execute 1 jobs...

[Sun Mar  2 14:55:05 2025]
localrule create_annotations:
    input: /dartfs/rc/lab/S/Szhao/fine-mapping/cancer-polyfun/1000G_EUR_Phase3_plink/1000G.EUR.QC.20.bim, /dartfs/rc/lab/S/Szhao/fine-mapping/organoid-polyfun/bed_dir, /dartfs/rc/lab/S/Szhao/fine-mapping/cancer-polyfun/Gazel_LD_baseline/baseline_MAF_LD.20.annot.gz
    output: /dartfs/rc/lab/S/Szhao/katieh/organoid-rotation/outputs/UKBB/annotations/30740/30740.20.annot.gz, /dartfs/rc/lab/S/Szhao/katieh/organoid-rotation/outputs/UKBB/annotations/30740/30740.20.l2.M
    jobid: 44
    reason: Missing output files: /dartfs/rc/lab/S/Szhao/katieh/organoid-rotation/outputs/UKBB/annotations/30740/30740.20.annot.gz
    wildcards: trait=30740, chrom=20
    resources: tmpdir=/scratch/f007fdw

Rscript /dartfs/rc/lab/S/Szhao/katieh/organoid-rotation/code/R/create_annotations_KH.R /dartfs/rc/lab/S/Szhao/fine-mapping/cancer-polyfun/1000G_EUR_Phase3_plink/1000G.EUR.QC.20.bim /dartfs/rc/lab/S/Szhao/fine-mapping/organoid-polyfun/bed_dir /dartfs/rc/lab/S/Szhao/fine-mapping/cancer-polyfun/Gazel_LD_baseline/baseline_MAF_LD.20.annot.gz /dartfs/rc/lab/S/Szhao/katieh/organoid-rotation/outputs/UKBB/annotations/30740/30740.20.annot.gz /dartfs/rc/lab/S/Szhao/katieh/organoid-rotation/outputs/UKBB/annotations/30740/30740.20.l2.M
[Sun Mar  2 14:55:30 2025]
Finished job 44.
1 of 50 steps (2%) done
Select jobs to execute...
Execute 1 jobs...

[Sun Mar  2 14:55:30 2025]
localrule create_annotations:
    input: /dartfs/rc/lab/S/Szhao/fine-mapping/cancer-polyfun/1000G_EUR_Phase3_plink/1000G.EUR.QC.13.bim, /dartfs/rc/lab/S/Szhao/fine-mapping/organoid-polyfun/bed_dir, /dartfs/rc/lab/S/Szhao/fine-mapping/cancer-polyfun/Gazel_LD_baseline/baseline_MAF_LD.13.annot.gz
    output: /dartfs/rc/lab/S/Szhao/katieh/organoid-rotation/outputs/UKBB/annotations/30740/30740.13.annot.gz, /dartfs/rc/lab/S/Szhao/katieh/organoid-rotation/outputs/UKBB/annotations/30740/30740.13.l2.M
    jobid: 30
    reason: Missing output files: /dartfs/rc/lab/S/Szhao/katieh/organoid-rotation/outputs/UKBB/annotations/30740/30740.13.annot.gz
    wildcards: trait=30740, chrom=13
    resources: tmpdir=/scratch/f007fdw

Rscript /dartfs/rc/lab/S/Szhao/katieh/organoid-rotation/code/R/create_annotations_KH.R /dartfs/rc/lab/S/Szhao/fine-mapping/cancer-polyfun/1000G_EUR_Phase3_plink/1000G.EUR.QC.13.bim /dartfs/rc/lab/S/Szhao/fine-mapping/organoid-polyfun/bed_dir /dartfs/rc/lab/S/Szhao/fine-mapping/cancer-polyfun/Gazel_LD_baseline/baseline_MAF_LD.13.annot.gz /dartfs/rc/lab/S/Szhao/katieh/organoid-rotation/outputs/UKBB/annotations/30740/30740.13.annot.gz /dartfs/rc/lab/S/Szhao/katieh/organoid-rotation/outputs/UKBB/annotations/30740/30740.13.l2.M
[Sun Mar  2 14:55:53 2025]
Finished job 30.
2 of 50 steps (4%) done
Select jobs to execute...
Execute 1 jobs...

[Sun Mar  2 14:55:53 2025]
localrule vcf_preprocess:
    input: /dartfs/rc/lab/S/Szhao/katieh/organoid-rotation/raw-sumstats/UKBB/ukb-d-30740_irnt.vcf.gz
    output: /dartfs/rc/lab/S/Szhao/katieh/organoid-rotation/raw-sumstats/UKBB/ukb-d-30740_irnt_preprocessed.vcf.gz
    jobid: 4
    reason: Missing output files: /dartfs/rc/lab/S/Szhao/katieh/organoid-rotation/raw-sumstats/UKBB/ukb-d-30740_irnt_preprocessed.vcf.gz
    wildcards: trait=30740
    resources: tmpdir=/scratch/f007fdw


    bash /dartfs/rc/lab/S/Szhao/katieh/organoid-rotation/code/vcf_openGWAS_preprocess.sh /dartfs/rc/lab/S/Szhao/katieh/organoid-rotation/raw-sumstats/UKBB/ukb-d-30740_irnt.vcf.gz /dartfs/rc/lab/S/Szhao/katieh/organoid-rotation/raw-sumstats/UKBB/ukb-d-30740_irnt_preprocessed.vcf.gz
    
[Sun Mar  2 14:57:22 2025]
Finished job 4.
3 of 50 steps (6%) done
Select jobs to execute...
Execute 1 jobs...

[Sun Mar  2 14:57:22 2025]
localrule create_annotations:
    input: /dartfs/rc/lab/S/Szhao/fine-mapping/cancer-polyfun/1000G_EUR_Phase3_plink/1000G.EUR.QC.3.bim, /dartfs/rc/lab/S/Szhao/fine-mapping/organoid-polyfun/bed_dir, /dartfs/rc/lab/S/Szhao/fine-mapping/cancer-polyfun/Gazel_LD_baseline/baseline_MAF_LD.3.annot.gz
    output: /dartfs/rc/lab/S/Szhao/katieh/organoid-rotation/outputs/UKBB/annotations/30740/30740.3.annot.gz, /dartfs/rc/lab/S/Szhao/katieh/organoid-rotation/outputs/UKBB/annotations/30740/30740.3.l2.M
    jobid: 10
    reason: Missing output files: /dartfs/rc/lab/S/Szhao/katieh/organoid-rotation/outputs/UKBB/annotations/30740/30740.3.annot.gz
    wildcards: trait=30740, chrom=3
    resources: tmpdir=/scratch/f007fdw

Rscript /dartfs/rc/lab/S/Szhao/katieh/organoid-rotation/code/R/create_annotations_KH.R /dartfs/rc/lab/S/Szhao/fine-mapping/cancer-polyfun/1000G_EUR_Phase3_plink/1000G.EUR.QC.3.bim /dartfs/rc/lab/S/Szhao/fine-mapping/organoid-polyfun/bed_dir /dartfs/rc/lab/S/Szhao/fine-mapping/cancer-polyfun/Gazel_LD_baseline/baseline_MAF_LD.3.annot.gz /dartfs/rc/lab/S/Szhao/katieh/organoid-rotation/outputs/UKBB/annotations/30740/30740.3.annot.gz /dartfs/rc/lab/S/Szhao/katieh/organoid-rotation/outputs/UKBB/annotations/30740/30740.3.l2.M
[Sun Mar  2 14:57:53 2025]
Finished job 10.
4 of 50 steps (8%) done
Select jobs to execute...
Execute 1 jobs...

[Sun Mar  2 14:57:53 2025]
localrule create_annotations:
    input: /dartfs/rc/lab/S/Szhao/fine-mapping/cancer-polyfun/1000G_EUR_Phase3_plink/1000G.EUR.QC.21.bim, /dartfs/rc/lab/S/Szhao/fine-mapping/organoid-polyfun/bed_dir, /dartfs/rc/lab/S/Szhao/fine-mapping/cancer-polyfun/Gazel_LD_baseline/baseline_MAF_LD.21.annot.gz
    output: /dartfs/rc/lab/S/Szhao/katieh/organoid-rotation/outputs/UKBB/annotations/30740/30740.21.annot.gz, /dartfs/rc/lab/S/Szhao/katieh/organoid-rotation/outputs/UKBB/annotations/30740/30740.21.l2.M
    jobid: 46
    reason: Missing output files: /dartfs/rc/lab/S/Szhao/katieh/organoid-rotation/outputs/UKBB/annotations/30740/30740.21.annot.gz
    wildcards: trait=30740, chrom=21
    resources: tmpdir=/scratch/f007fdw

Rscript /dartfs/rc/lab/S/Szhao/katieh/organoid-rotation/code/R/create_annotations_KH.R /dartfs/rc/lab/S/Szhao/fine-mapping/cancer-polyfun/1000G_EUR_Phase3_plink/1000G.EUR.QC.21.bim /dartfs/rc/lab/S/Szhao/fine-mapping/organoid-polyfun/bed_dir /dartfs/rc/lab/S/Szhao/fine-mapping/cancer-polyfun/Gazel_LD_baseline/baseline_MAF_LD.21.annot.gz /dartfs/rc/lab/S/Szhao/katieh/organoid-rotation/outputs/UKBB/annotations/30740/30740.21.annot.gz /dartfs/rc/lab/S/Szhao/katieh/organoid-rotation/outputs/UKBB/annotations/30740/30740.21.l2.M
[Sun Mar  2 14:58:12 2025]
Finished job 46.
5 of 50 steps (10%) done
Select jobs to execute...
Execute 1 jobs...

[Sun Mar  2 14:58:12 2025]
localrule compute_ld_scores:
    input: /dartfs/rc/lab/S/Szhao/katieh/organoid-rotation/outputs/UKBB/annotations/30740/30740.21.annot.gz
    output: /dartfs/rc/lab/S/Szhao/katieh/organoid-rotation/outputs/UKBB/annotations/30740/30740.21.l2.ldscore.parquet
    jobid: 45
    reason: Missing output files: /dartfs/rc/lab/S/Szhao/katieh/organoid-rotation/outputs/UKBB/annotations/30740/30740.21.l2.ldscore.parquet; Input files updated by another job: /dartfs/rc/lab/S/Szhao/katieh/organoid-rotation/outputs/UKBB/annotations/30740/30740.21.annot.gz
    wildcards: trait=30740, chrom=21
    resources: tmpdir=/scratch/f007fdw


        python /dartfs/rc/lab/S/Szhao/katieh/polyfun/compute_ldscores.py                --bfile /dartfs/rc/lab/S/Szhao/fine-mapping/cancer-polyfun/1000G_EUR_Phase3_plink/1000G.EUR.QC.21                --annot /dartfs/rc/lab/S/Szhao/katieh/organoid-rotation/outputs/UKBB/annotations/30740/30740.21.annot.gz                --out /dartfs/rc/lab/S/Szhao/katieh/organoid-rotation/outputs/UKBB/annotations/30740/30740.21.l2.ldscore.parquet
        
[Sun Mar  2 14:58:40 2025]
Finished job 45.
6 of 50 steps (12%) done
Select jobs to execute...
Execute 1 jobs...

[Sun Mar  2 14:58:40 2025]
localrule create_annotations:
    input: /dartfs/rc/lab/S/Szhao/fine-mapping/cancer-polyfun/1000G_EUR_Phase3_plink/1000G.EUR.QC.14.bim, /dartfs/rc/lab/S/Szhao/fine-mapping/organoid-polyfun/bed_dir, /dartfs/rc/lab/S/Szhao/fine-mapping/cancer-polyfun/Gazel_LD_baseline/baseline_MAF_LD.14.annot.gz
    output: /dartfs/rc/lab/S/Szhao/katieh/organoid-rotation/outputs/UKBB/annotations/30740/30740.14.annot.gz, /dartfs/rc/lab/S/Szhao/katieh/organoid-rotation/outputs/UKBB/annotations/30740/30740.14.l2.M
    jobid: 32
    reason: Missing output files: /dartfs/rc/lab/S/Szhao/katieh/organoid-rotation/outputs/UKBB/annotations/30740/30740.14.annot.gz
    wildcards: trait=30740, chrom=14
    resources: tmpdir=/scratch/f007fdw

Rscript /dartfs/rc/lab/S/Szhao/katieh/organoid-rotation/code/R/create_annotations_KH.R /dartfs/rc/lab/S/Szhao/fine-mapping/cancer-polyfun/1000G_EUR_Phase3_plink/1000G.EUR.QC.14.bim /dartfs/rc/lab/S/Szhao/fine-mapping/organoid-polyfun/bed_dir /dartfs/rc/lab/S/Szhao/fine-mapping/cancer-polyfun/Gazel_LD_baseline/baseline_MAF_LD.14.annot.gz /dartfs/rc/lab/S/Szhao/katieh/organoid-rotation/outputs/UKBB/annotations/30740/30740.14.annot.gz /dartfs/rc/lab/S/Szhao/katieh/organoid-rotation/outputs/UKBB/annotations/30740/30740.14.l2.M
[Sun Mar  2 14:59:03 2025]
Finished job 32.
7 of 50 steps (14%) done
Select jobs to execute...
Execute 1 jobs...

[Sun Mar  2 14:59:03 2025]
localrule compute_ld_scores:
    input: /dartfs/rc/lab/S/Szhao/katieh/organoid-rotation/outputs/UKBB/annotations/30740/30740.14.annot.gz
    output: /dartfs/rc/lab/S/Szhao/katieh/organoid-rotation/outputs/UKBB/annotations/30740/30740.14.l2.ldscore.parquet
    jobid: 31
    reason: Missing output files: /dartfs/rc/lab/S/Szhao/katieh/organoid-rotation/outputs/UKBB/annotations/30740/30740.14.l2.ldscore.parquet; Input files updated by another job: /dartfs/rc/lab/S/Szhao/katieh/organoid-rotation/outputs/UKBB/annotations/30740/30740.14.annot.gz
    wildcards: trait=30740, chrom=14
    resources: tmpdir=/scratch/f007fdw


        python /dartfs/rc/lab/S/Szhao/katieh/polyfun/compute_ldscores.py                --bfile /dartfs/rc/lab/S/Szhao/fine-mapping/cancer-polyfun/1000G_EUR_Phase3_plink/1000G.EUR.QC.14                --annot /dartfs/rc/lab/S/Szhao/katieh/organoid-rotation/outputs/UKBB/annotations/30740/30740.14.annot.gz                --out /dartfs/rc/lab/S/Szhao/katieh/organoid-rotation/outputs/UKBB/annotations/30740/30740.14.l2.ldscore.parquet
        
[Sun Mar  2 15:00:21 2025]
Finished job 31.
8 of 50 steps (16%) done
Select jobs to execute...
Execute 1 jobs...

[Sun Mar  2 15:00:21 2025]
localrule create_annotations:
    input: /dartfs/rc/lab/S/Szhao/fine-mapping/cancer-polyfun/1000G_EUR_Phase3_plink/1000G.EUR.QC.5.bim, /dartfs/rc/lab/S/Szhao/fine-mapping/organoid-polyfun/bed_dir, /dartfs/rc/lab/S/Szhao/fine-mapping/cancer-polyfun/Gazel_LD_baseline/baseline_MAF_LD.5.annot.gz
    output: /dartfs/rc/lab/S/Szhao/katieh/organoid-rotation/outputs/UKBB/annotations/30740/30740.5.annot.gz, /dartfs/rc/lab/S/Szhao/katieh/organoid-rotation/outputs/UKBB/annotations/30740/30740.5.l2.M
    jobid: 14
    reason: Missing output files: /dartfs/rc/lab/S/Szhao/katieh/organoid-rotation/outputs/UKBB/annotations/30740/30740.5.annot.gz
    wildcards: trait=30740, chrom=5
    resources: tmpdir=/scratch/f007fdw

Rscript /dartfs/rc/lab/S/Szhao/katieh/organoid-rotation/code/R/create_annotations_KH.R /dartfs/rc/lab/S/Szhao/fine-mapping/cancer-polyfun/1000G_EUR_Phase3_plink/1000G.EUR.QC.5.bim /dartfs/rc/lab/S/Szhao/fine-mapping/organoid-polyfun/bed_dir /dartfs/rc/lab/S/Szhao/fine-mapping/cancer-polyfun/Gazel_LD_baseline/baseline_MAF_LD.5.annot.gz /dartfs/rc/lab/S/Szhao/katieh/organoid-rotation/outputs/UKBB/annotations/30740/30740.5.annot.gz /dartfs/rc/lab/S/Szhao/katieh/organoid-rotation/outputs/UKBB/annotations/30740/30740.5.l2.M
[Sun Mar  2 15:00:50 2025]
Finished job 14.
9 of 50 steps (18%) done
Select jobs to execute...
Execute 1 jobs...

[Sun Mar  2 15:00:50 2025]
localrule compute_ld_scores:
    input: /dartfs/rc/lab/S/Szhao/katieh/organoid-rotation/outputs/UKBB/annotations/30740/30740.5.annot.gz
    output: /dartfs/rc/lab/S/Szhao/katieh/organoid-rotation/outputs/UKBB/annotations/30740/30740.5.l2.ldscore.parquet
    jobid: 13
    reason: Missing output files: /dartfs/rc/lab/S/Szhao/katieh/organoid-rotation/outputs/UKBB/annotations/30740/30740.5.l2.ldscore.parquet; Input files updated by another job: /dartfs/rc/lab/S/Szhao/katieh/organoid-rotation/outputs/UKBB/annotations/30740/30740.5.annot.gz
    wildcards: trait=30740, chrom=5
    resources: tmpdir=/scratch/f007fdw


        python /dartfs/rc/lab/S/Szhao/katieh/polyfun/compute_ldscores.py                --bfile /dartfs/rc/lab/S/Szhao/fine-mapping/cancer-polyfun/1000G_EUR_Phase3_plink/1000G.EUR.QC.5                --annot /dartfs/rc/lab/S/Szhao/katieh/organoid-rotation/outputs/UKBB/annotations/30740/30740.5.annot.gz                --out /dartfs/rc/lab/S/Szhao/katieh/organoid-rotation/outputs/UKBB/annotations/30740/30740.5.l2.ldscore.parquet
        
[Sun Mar  2 15:03:32 2025]
Finished job 13.
10 of 50 steps (20%) done
Select jobs to execute...
Execute 1 jobs...

[Sun Mar  2 15:03:32 2025]
localrule create_annotations:
    input: /dartfs/rc/lab/S/Szhao/fine-mapping/cancer-polyfun/1000G_EUR_Phase3_plink/1000G.EUR.QC.22.bim, /dartfs/rc/lab/S/Szhao/fine-mapping/organoid-polyfun/bed_dir, /dartfs/rc/lab/S/Szhao/fine-mapping/cancer-polyfun/Gazel_LD_baseline/baseline_MAF_LD.22.annot.gz
    output: /dartfs/rc/lab/S/Szhao/katieh/organoid-rotation/outputs/UKBB/annotations/30740/30740.22.annot.gz, /dartfs/rc/lab/S/Szhao/katieh/organoid-rotation/outputs/UKBB/annotations/30740/30740.22.l2.M
    jobid: 48
    reason: Missing output files: /dartfs/rc/lab/S/Szhao/katieh/organoid-rotation/outputs/UKBB/annotations/30740/30740.22.annot.gz
    wildcards: trait=30740, chrom=22
    resources: tmpdir=/scratch/f007fdw

Rscript /dartfs/rc/lab/S/Szhao/katieh/organoid-rotation/code/R/create_annotations_KH.R /dartfs/rc/lab/S/Szhao/fine-mapping/cancer-polyfun/1000G_EUR_Phase3_plink/1000G.EUR.QC.22.bim /dartfs/rc/lab/S/Szhao/fine-mapping/organoid-polyfun/bed_dir /dartfs/rc/lab/S/Szhao/fine-mapping/cancer-polyfun/Gazel_LD_baseline/baseline_MAF_LD.22.annot.gz /dartfs/rc/lab/S/Szhao/katieh/organoid-rotation/outputs/UKBB/annotations/30740/30740.22.annot.gz /dartfs/rc/lab/S/Szhao/katieh/organoid-rotation/outputs/UKBB/annotations/30740/30740.22.l2.M
[Sun Mar  2 15:03:48 2025]
Finished job 48.
11 of 50 steps (22%) done
Select jobs to execute...
Execute 1 jobs...

[Sun Mar  2 15:03:48 2025]
localrule compute_ld_scores:
    input: /dartfs/rc/lab/S/Szhao/katieh/organoid-rotation/outputs/UKBB/annotations/30740/30740.22.annot.gz
    output: /dartfs/rc/lab/S/Szhao/katieh/organoid-rotation/outputs/UKBB/annotations/30740/30740.22.l2.ldscore.parquet
    jobid: 47
    reason: Missing output files: /dartfs/rc/lab/S/Szhao/katieh/organoid-rotation/outputs/UKBB/annotations/30740/30740.22.l2.ldscore.parquet; Input files updated by another job: /dartfs/rc/lab/S/Szhao/katieh/organoid-rotation/outputs/UKBB/annotations/30740/30740.22.annot.gz
    wildcards: trait=30740, chrom=22
    resources: tmpdir=/scratch/f007fdw


        python /dartfs/rc/lab/S/Szhao/katieh/polyfun/compute_ldscores.py                --bfile /dartfs/rc/lab/S/Szhao/fine-mapping/cancer-polyfun/1000G_EUR_Phase3_plink/1000G.EUR.QC.22                --annot /dartfs/rc/lab/S/Szhao/katieh/organoid-rotation/outputs/UKBB/annotations/30740/30740.22.annot.gz                --out /dartfs/rc/lab/S/Szhao/katieh/organoid-rotation/outputs/UKBB/annotations/30740/30740.22.l2.ldscore.parquet
        
[Sun Mar  2 15:04:16 2025]
Finished job 47.
12 of 50 steps (24%) done
Select jobs to execute...
Execute 1 jobs...

[Sun Mar  2 15:04:16 2025]
localrule create_annotations:
    input: /dartfs/rc/lab/S/Szhao/fine-mapping/cancer-polyfun/1000G_EUR_Phase3_plink/1000G.EUR.QC.15.bim, /dartfs/rc/lab/S/Szhao/fine-mapping/organoid-polyfun/bed_dir, /dartfs/rc/lab/S/Szhao/fine-mapping/cancer-polyfun/Gazel_LD_baseline/baseline_MAF_LD.15.annot.gz
    output: /dartfs/rc/lab/S/Szhao/katieh/organoid-rotation/outputs/UKBB/annotations/30740/30740.15.annot.gz, /dartfs/rc/lab/S/Szhao/katieh/organoid-rotation/outputs/UKBB/annotations/30740/30740.15.l2.M
    jobid: 34
    reason: Missing output files: /dartfs/rc/lab/S/Szhao/katieh/organoid-rotation/outputs/UKBB/annotations/30740/30740.15.annot.gz
    wildcards: trait=30740, chrom=15
    resources: tmpdir=/scratch/f007fdw

Rscript /dartfs/rc/lab/S/Szhao/katieh/organoid-rotation/code/R/create_annotations_KH.R /dartfs/rc/lab/S/Szhao/fine-mapping/cancer-polyfun/1000G_EUR_Phase3_plink/1000G.EUR.QC.15.bim /dartfs/rc/lab/S/Szhao/fine-mapping/organoid-polyfun/bed_dir /dartfs/rc/lab/S/Szhao/fine-mapping/cancer-polyfun/Gazel_LD_baseline/baseline_MAF_LD.15.annot.gz /dartfs/rc/lab/S/Szhao/katieh/organoid-rotation/outputs/UKBB/annotations/30740/30740.15.annot.gz /dartfs/rc/lab/S/Szhao/katieh/organoid-rotation/outputs/UKBB/annotations/30740/30740.15.l2.M
[Sun Mar  2 15:04:36 2025]
Finished job 34.
13 of 50 steps (26%) done
Select jobs to execute...
Execute 1 jobs...

[Sun Mar  2 15:04:36 2025]
localrule compute_ld_scores:
    input: /dartfs/rc/lab/S/Szhao/katieh/organoid-rotation/outputs/UKBB/annotations/30740/30740.15.annot.gz
    output: /dartfs/rc/lab/S/Szhao/katieh/organoid-rotation/outputs/UKBB/annotations/30740/30740.15.l2.ldscore.parquet
    jobid: 33
    reason: Missing output files: /dartfs/rc/lab/S/Szhao/katieh/organoid-rotation/outputs/UKBB/annotations/30740/30740.15.l2.ldscore.parquet; Input files updated by another job: /dartfs/rc/lab/S/Szhao/katieh/organoid-rotation/outputs/UKBB/annotations/30740/30740.15.annot.gz
    wildcards: trait=30740, chrom=15
    resources: tmpdir=/scratch/f007fdw


        python /dartfs/rc/lab/S/Szhao/katieh/polyfun/compute_ldscores.py                --bfile /dartfs/rc/lab/S/Szhao/fine-mapping/cancer-polyfun/1000G_EUR_Phase3_plink/1000G.EUR.QC.15                --annot /dartfs/rc/lab/S/Szhao/katieh/organoid-rotation/outputs/UKBB/annotations/30740/30740.15.annot.gz                --out /dartfs/rc/lab/S/Szhao/katieh/organoid-rotation/outputs/UKBB/annotations/30740/30740.15.l2.ldscore.parquet
        
[Sun Mar  2 15:05:34 2025]
Finished job 33.
14 of 50 steps (28%) done
Select jobs to execute...
Execute 1 jobs...

[Sun Mar  2 15:05:34 2025]
localrule create_annotations:
    input: /dartfs/rc/lab/S/Szhao/fine-mapping/cancer-polyfun/1000G_EUR_Phase3_plink/1000G.EUR.QC.16.bim, /dartfs/rc/lab/S/Szhao/fine-mapping/organoid-polyfun/bed_dir, /dartfs/rc/lab/S/Szhao/fine-mapping/cancer-polyfun/Gazel_LD_baseline/baseline_MAF_LD.16.annot.gz
    output: /dartfs/rc/lab/S/Szhao/katieh/organoid-rotation/outputs/UKBB/annotations/30740/30740.16.annot.gz, /dartfs/rc/lab/S/Szhao/katieh/organoid-rotation/outputs/UKBB/annotations/30740/30740.16.l2.M
    jobid: 36
    reason: Missing output files: /dartfs/rc/lab/S/Szhao/katieh/organoid-rotation/outputs/UKBB/annotations/30740/30740.16.annot.gz
    wildcards: trait=30740, chrom=16
    resources: tmpdir=/scratch/f007fdw

Rscript /dartfs/rc/lab/S/Szhao/katieh/organoid-rotation/code/R/create_annotations_KH.R /dartfs/rc/lab/S/Szhao/fine-mapping/cancer-polyfun/1000G_EUR_Phase3_plink/1000G.EUR.QC.16.bim /dartfs/rc/lab/S/Szhao/fine-mapping/organoid-polyfun/bed_dir /dartfs/rc/lab/S/Szhao/fine-mapping/cancer-polyfun/Gazel_LD_baseline/baseline_MAF_LD.16.annot.gz /dartfs/rc/lab/S/Szhao/katieh/organoid-rotation/outputs/UKBB/annotations/30740/30740.16.annot.gz /dartfs/rc/lab/S/Szhao/katieh/organoid-rotation/outputs/UKBB/annotations/30740/30740.16.l2.M
[Sun Mar  2 15:05:55 2025]
Finished job 36.
15 of 50 steps (30%) done
Select jobs to execute...
Execute 1 jobs...

[Sun Mar  2 15:05:55 2025]
localrule clean_sumstats:
    input: /dartfs/rc/lab/S/Szhao/katieh/organoid-rotation/raw-sumstats/UKBB/ukb-d-30740_irnt_preprocessed.vcf.gz
    output: /dartfs/rc/lab/S/Szhao/katieh/organoid-rotation/cleaned-sumstats/UKBB/30740_sumstats.txt.gz
    jobid: 3
    reason: Missing output files: /dartfs/rc/lab/S/Szhao/katieh/organoid-rotation/cleaned-sumstats/UKBB/30740_sumstats.txt.gz; Input files updated by another job: /dartfs/rc/lab/S/Szhao/katieh/organoid-rotation/raw-sumstats/UKBB/ukb-d-30740_irnt_preprocessed.vcf.gz
    wildcards: trait=30740
    resources: tmpdir=/scratch/f007fdw


        Rscript /dartfs/rc/lab/S/Szhao/katieh/organoid-rotation/code/R/clean_sumstats_ukbb.R /dartfs/rc/lab/S/Szhao/katieh/organoid-rotation/raw-sumstats/UKBB/ukb-d-30740_irnt_preprocessed.vcf.gz CHROM,POS,ES,SE,REF,ALT,ID,LP /dartfs/rc/lab/S/Szhao/katieh/organoid-rotation/cleaned-sumstats/UKBB/30740_sumstats.txt.gz
        
[Sun Mar  2 15:08:59 2025]
Finished job 3.
16 of 50 steps (32%) done
Select jobs to execute...
Execute 1 jobs...

[Sun Mar  2 15:08:59 2025]
localrule munge_sumstats:
    input: /dartfs/rc/lab/S/Szhao/katieh/organoid-rotation/cleaned-sumstats/UKBB/30740_sumstats.txt.gz
    output: /dartfs/rc/lab/S/Szhao/katieh/organoid-rotation/outputs/UKBB/munged_sumstats/30740_munged_sumstats.parquet
    jobid: 2
    reason: Missing output files: /dartfs/rc/lab/S/Szhao/katieh/organoid-rotation/outputs/UKBB/munged_sumstats/30740_munged_sumstats.parquet; Input files updated by another job: /dartfs/rc/lab/S/Szhao/katieh/organoid-rotation/cleaned-sumstats/UKBB/30740_sumstats.txt.gz
    wildcards: trait=30740
    resources: tmpdir=/scratch/f007fdw

python /dartfs/rc/lab/S/Szhao/katieh/polyfun/munge_polyfun_sumstats.py --sumstats /dartfs/rc/lab/S/Szhao/katieh/organoid-rotation/cleaned-sumstats/UKBB/30740_sumstats.txt.gz --n 60000 --out /dartfs/rc/lab/S/Szhao/katieh/organoid-rotation/outputs/UKBB/munged_sumstats/30740_munged_sumstats.parquet
[Sun Mar  2 15:09:53 2025]
Finished job 2.
17 of 50 steps (34%) done
Select jobs to execute...
Execute 1 jobs...

[Sun Mar  2 15:09:53 2025]
localrule create_annotations:
    input: /dartfs/rc/lab/S/Szhao/fine-mapping/cancer-polyfun/1000G_EUR_Phase3_plink/1000G.EUR.QC.7.bim, /dartfs/rc/lab/S/Szhao/fine-mapping/organoid-polyfun/bed_dir, /dartfs/rc/lab/S/Szhao/fine-mapping/cancer-polyfun/Gazel_LD_baseline/baseline_MAF_LD.7.annot.gz
    output: /dartfs/rc/lab/S/Szhao/katieh/organoid-rotation/outputs/UKBB/annotations/30740/30740.7.annot.gz, /dartfs/rc/lab/S/Szhao/katieh/organoid-rotation/outputs/UKBB/annotations/30740/30740.7.l2.M
    jobid: 18
    reason: Missing output files: /dartfs/rc/lab/S/Szhao/katieh/organoid-rotation/outputs/UKBB/annotations/30740/30740.7.annot.gz
    wildcards: trait=30740, chrom=7
    resources: tmpdir=/scratch/f007fdw

Rscript /dartfs/rc/lab/S/Szhao/katieh/organoid-rotation/code/R/create_annotations_KH.R /dartfs/rc/lab/S/Szhao/fine-mapping/cancer-polyfun/1000G_EUR_Phase3_plink/1000G.EUR.QC.7.bim /dartfs/rc/lab/S/Szhao/fine-mapping/organoid-polyfun/bed_dir /dartfs/rc/lab/S/Szhao/fine-mapping/cancer-polyfun/Gazel_LD_baseline/baseline_MAF_LD.7.annot.gz /dartfs/rc/lab/S/Szhao/katieh/organoid-rotation/outputs/UKBB/annotations/30740/30740.7.annot.gz /dartfs/rc/lab/S/Szhao/katieh/organoid-rotation/outputs/UKBB/annotations/30740/30740.7.l2.M
[Sun Mar  2 15:10:17 2025]
Finished job 18.
18 of 50 steps (36%) done
Select jobs to execute...
Execute 1 jobs...

[Sun Mar  2 15:10:17 2025]
localrule create_annotations:
    input: /dartfs/rc/lab/S/Szhao/fine-mapping/cancer-polyfun/1000G_EUR_Phase3_plink/1000G.EUR.QC.8.bim, /dartfs/rc/lab/S/Szhao/fine-mapping/organoid-polyfun/bed_dir, /dartfs/rc/lab/S/Szhao/fine-mapping/cancer-polyfun/Gazel_LD_baseline/baseline_MAF_LD.8.annot.gz
    output: /dartfs/rc/lab/S/Szhao/katieh/organoid-rotation/outputs/UKBB/annotations/30740/30740.8.annot.gz, /dartfs/rc/lab/S/Szhao/katieh/organoid-rotation/outputs/UKBB/annotations/30740/30740.8.l2.M
    jobid: 20
    reason: Missing output files: /dartfs/rc/lab/S/Szhao/katieh/organoid-rotation/outputs/UKBB/annotations/30740/30740.8.annot.gz
    wildcards: trait=30740, chrom=8
    resources: tmpdir=/scratch/f007fdw

Rscript /dartfs/rc/lab/S/Szhao/katieh/organoid-rotation/code/R/create_annotations_KH.R /dartfs/rc/lab/S/Szhao/fine-mapping/cancer-polyfun/1000G_EUR_Phase3_plink/1000G.EUR.QC.8.bim /dartfs/rc/lab/S/Szhao/fine-mapping/organoid-polyfun/bed_dir /dartfs/rc/lab/S/Szhao/fine-mapping/cancer-polyfun/Gazel_LD_baseline/baseline_MAF_LD.8.annot.gz /dartfs/rc/lab/S/Szhao/katieh/organoid-rotation/outputs/UKBB/annotations/30740/30740.8.annot.gz /dartfs/rc/lab/S/Szhao/katieh/organoid-rotation/outputs/UKBB/annotations/30740/30740.8.l2.M
[Sun Mar  2 15:10:41 2025]
Finished job 20.
19 of 50 steps (38%) done
Select jobs to execute...
Execute 1 jobs...

[Sun Mar  2 15:10:41 2025]
localrule compute_ld_scores:
    input: /dartfs/rc/lab/S/Szhao/katieh/organoid-rotation/outputs/UKBB/annotations/30740/30740.8.annot.gz
    output: /dartfs/rc/lab/S/Szhao/katieh/organoid-rotation/outputs/UKBB/annotations/30740/30740.8.l2.ldscore.parquet
    jobid: 19
    reason: Missing output files: /dartfs/rc/lab/S/Szhao/katieh/organoid-rotation/outputs/UKBB/annotations/30740/30740.8.l2.ldscore.parquet; Input files updated by another job: /dartfs/rc/lab/S/Szhao/katieh/organoid-rotation/outputs/UKBB/annotations/30740/30740.8.annot.gz
    wildcards: trait=30740, chrom=8
    resources: tmpdir=/scratch/f007fdw


        python /dartfs/rc/lab/S/Szhao/katieh/polyfun/compute_ldscores.py                --bfile /dartfs/rc/lab/S/Szhao/fine-mapping/cancer-polyfun/1000G_EUR_Phase3_plink/1000G.EUR.QC.8                --annot /dartfs/rc/lab/S/Szhao/katieh/organoid-rotation/outputs/UKBB/annotations/30740/30740.8.annot.gz                --out /dartfs/rc/lab/S/Szhao/katieh/organoid-rotation/outputs/UKBB/annotations/30740/30740.8.l2.ldscore.parquet
        
[Sun Mar  2 15:13:03 2025]
Finished job 19.
20 of 50 steps (40%) done
Select jobs to execute...
Execute 1 jobs...

[Sun Mar  2 15:13:03 2025]
localrule create_annotations:
    input: /dartfs/rc/lab/S/Szhao/fine-mapping/cancer-polyfun/1000G_EUR_Phase3_plink/1000G.EUR.QC.10.bim, /dartfs/rc/lab/S/Szhao/fine-mapping/organoid-polyfun/bed_dir, /dartfs/rc/lab/S/Szhao/fine-mapping/cancer-polyfun/Gazel_LD_baseline/baseline_MAF_LD.10.annot.gz
    output: /dartfs/rc/lab/S/Szhao/katieh/organoid-rotation/outputs/UKBB/annotations/30740/30740.10.annot.gz, /dartfs/rc/lab/S/Szhao/katieh/organoid-rotation/outputs/UKBB/annotations/30740/30740.10.l2.M
    jobid: 24
    reason: Missing output files: /dartfs/rc/lab/S/Szhao/katieh/organoid-rotation/outputs/UKBB/annotations/30740/30740.10.annot.gz
    wildcards: trait=30740, chrom=10
    resources: tmpdir=/scratch/f007fdw

Rscript /dartfs/rc/lab/S/Szhao/katieh/organoid-rotation/code/R/create_annotations_KH.R /dartfs/rc/lab/S/Szhao/fine-mapping/cancer-polyfun/1000G_EUR_Phase3_plink/1000G.EUR.QC.10.bim /dartfs/rc/lab/S/Szhao/fine-mapping/organoid-polyfun/bed_dir /dartfs/rc/lab/S/Szhao/fine-mapping/cancer-polyfun/Gazel_LD_baseline/baseline_MAF_LD.10.annot.gz /dartfs/rc/lab/S/Szhao/katieh/organoid-rotation/outputs/UKBB/annotations/30740/30740.10.annot.gz /dartfs/rc/lab/S/Szhao/katieh/organoid-rotation/outputs/UKBB/annotations/30740/30740.10.l2.M
[Sun Mar  2 15:13:25 2025]
Finished job 24.
21 of 50 steps (42%) done
Select jobs to execute...
Execute 1 jobs...

[Sun Mar  2 15:13:25 2025]
localrule create_annotations:
    input: /dartfs/rc/lab/S/Szhao/fine-mapping/cancer-polyfun/1000G_EUR_Phase3_plink/1000G.EUR.QC.18.bim, /dartfs/rc/lab/S/Szhao/fine-mapping/organoid-polyfun/bed_dir, /dartfs/rc/lab/S/Szhao/fine-mapping/cancer-polyfun/Gazel_LD_baseline/baseline_MAF_LD.18.annot.gz
    output: /dartfs/rc/lab/S/Szhao/katieh/organoid-rotation/outputs/UKBB/annotations/30740/30740.18.annot.gz, /dartfs/rc/lab/S/Szhao/katieh/organoid-rotation/outputs/UKBB/annotations/30740/30740.18.l2.M
    jobid: 40
    reason: Missing output files: /dartfs/rc/lab/S/Szhao/katieh/organoid-rotation/outputs/UKBB/annotations/30740/30740.18.annot.gz
    wildcards: trait=30740, chrom=18
    resources: tmpdir=/scratch/f007fdw

Rscript /dartfs/rc/lab/S/Szhao/katieh/organoid-rotation/code/R/create_annotations_KH.R /dartfs/rc/lab/S/Szhao/fine-mapping/cancer-polyfun/1000G_EUR_Phase3_plink/1000G.EUR.QC.18.bim /dartfs/rc/lab/S/Szhao/fine-mapping/organoid-polyfun/bed_dir /dartfs/rc/lab/S/Szhao/fine-mapping/cancer-polyfun/Gazel_LD_baseline/baseline_MAF_LD.18.annot.gz /dartfs/rc/lab/S/Szhao/katieh/organoid-rotation/outputs/UKBB/annotations/30740/30740.18.annot.gz /dartfs/rc/lab/S/Szhao/katieh/organoid-rotation/outputs/UKBB/annotations/30740/30740.18.l2.M
[Sun Mar  2 15:13:45 2025]
Finished job 40.
22 of 50 steps (44%) done
Select jobs to execute...
Execute 1 jobs...

[Sun Mar  2 15:13:45 2025]
localrule create_annotations:
    input: /dartfs/rc/lab/S/Szhao/fine-mapping/cancer-polyfun/1000G_EUR_Phase3_plink/1000G.EUR.QC.9.bim, /dartfs/rc/lab/S/Szhao/fine-mapping/organoid-polyfun/bed_dir, /dartfs/rc/lab/S/Szhao/fine-mapping/cancer-polyfun/Gazel_LD_baseline/baseline_MAF_LD.9.annot.gz
    output: /dartfs/rc/lab/S/Szhao/katieh/organoid-rotation/outputs/UKBB/annotations/30740/30740.9.annot.gz, /dartfs/rc/lab/S/Szhao/katieh/organoid-rotation/outputs/UKBB/annotations/30740/30740.9.l2.M
    jobid: 22
    reason: Missing output files: /dartfs/rc/lab/S/Szhao/katieh/organoid-rotation/outputs/UKBB/annotations/30740/30740.9.annot.gz
    wildcards: trait=30740, chrom=9
    resources: tmpdir=/scratch/f007fdw

Rscript /dartfs/rc/lab/S/Szhao/katieh/organoid-rotation/code/R/create_annotations_KH.R /dartfs/rc/lab/S/Szhao/fine-mapping/cancer-polyfun/1000G_EUR_Phase3_plink/1000G.EUR.QC.9.bim /dartfs/rc/lab/S/Szhao/fine-mapping/organoid-polyfun/bed_dir /dartfs/rc/lab/S/Szhao/fine-mapping/cancer-polyfun/Gazel_LD_baseline/baseline_MAF_LD.9.annot.gz /dartfs/rc/lab/S/Szhao/katieh/organoid-rotation/outputs/UKBB/annotations/30740/30740.9.annot.gz /dartfs/rc/lab/S/Szhao/katieh/organoid-rotation/outputs/UKBB/annotations/30740/30740.9.l2.M
[Sun Mar  2 15:14:07 2025]
Finished job 22.
23 of 50 steps (46%) done
Select jobs to execute...
Execute 1 jobs...

[Sun Mar  2 15:14:07 2025]
localrule compute_ld_scores:
    input: /dartfs/rc/lab/S/Szhao/katieh/organoid-rotation/outputs/UKBB/annotations/30740/30740.10.annot.gz
    output: /dartfs/rc/lab/S/Szhao/katieh/organoid-rotation/outputs/UKBB/annotations/30740/30740.10.l2.ldscore.parquet
    jobid: 23
    reason: Missing output files: /dartfs/rc/lab/S/Szhao/katieh/organoid-rotation/outputs/UKBB/annotations/30740/30740.10.l2.ldscore.parquet; Input files updated by another job: /dartfs/rc/lab/S/Szhao/katieh/organoid-rotation/outputs/UKBB/annotations/30740/30740.10.annot.gz
    wildcards: trait=30740, chrom=10
    resources: tmpdir=/scratch/f007fdw


        python /dartfs/rc/lab/S/Szhao/katieh/polyfun/compute_ldscores.py                --bfile /dartfs/rc/lab/S/Szhao/fine-mapping/cancer-polyfun/1000G_EUR_Phase3_plink/1000G.EUR.QC.10                --annot /dartfs/rc/lab/S/Szhao/katieh/organoid-rotation/outputs/UKBB/annotations/30740/30740.10.annot.gz                --out /dartfs/rc/lab/S/Szhao/katieh/organoid-rotation/outputs/UKBB/annotations/30740/30740.10.l2.ldscore.parquet
        
[Sun Mar  2 15:16:04 2025]
Finished job 23.
24 of 50 steps (48%) done
Select jobs to execute...
Execute 1 jobs...

[Sun Mar  2 15:16:04 2025]
localrule create_annotations:
    input: /dartfs/rc/lab/S/Szhao/fine-mapping/cancer-polyfun/1000G_EUR_Phase3_plink/1000G.EUR.QC.2.bim, /dartfs/rc/lab/S/Szhao/fine-mapping/organoid-polyfun/bed_dir, /dartfs/rc/lab/S/Szhao/fine-mapping/cancer-polyfun/Gazel_LD_baseline/baseline_MAF_LD.2.annot.gz
    output: /dartfs/rc/lab/S/Szhao/katieh/organoid-rotation/outputs/UKBB/annotations/30740/30740.2.annot.gz, /dartfs/rc/lab/S/Szhao/katieh/organoid-rotation/outputs/UKBB/annotations/30740/30740.2.l2.M
    jobid: 8
    reason: Missing output files: /dartfs/rc/lab/S/Szhao/katieh/organoid-rotation/outputs/UKBB/annotations/30740/30740.2.annot.gz
    wildcards: trait=30740, chrom=2
    resources: tmpdir=/scratch/f007fdw

Rscript /dartfs/rc/lab/S/Szhao/katieh/organoid-rotation/code/R/create_annotations_KH.R /dartfs/rc/lab/S/Szhao/fine-mapping/cancer-polyfun/1000G_EUR_Phase3_plink/1000G.EUR.QC.2.bim /dartfs/rc/lab/S/Szhao/fine-mapping/organoid-polyfun/bed_dir /dartfs/rc/lab/S/Szhao/fine-mapping/cancer-polyfun/Gazel_LD_baseline/baseline_MAF_LD.2.annot.gz /dartfs/rc/lab/S/Szhao/katieh/organoid-rotation/outputs/UKBB/annotations/30740/30740.2.annot.gz /dartfs/rc/lab/S/Szhao/katieh/organoid-rotation/outputs/UKBB/annotations/30740/30740.2.l2.M
[Sun Mar  2 15:16:28 2025]
Finished job 8.
25 of 50 steps (50%) done
Select jobs to execute...
Execute 1 jobs...

[Sun Mar  2 15:16:28 2025]
localrule compute_ld_scores:
    input: /dartfs/rc/lab/S/Szhao/katieh/organoid-rotation/outputs/UKBB/annotations/30740/30740.20.annot.gz
    output: /dartfs/rc/lab/S/Szhao/katieh/organoid-rotation/outputs/UKBB/annotations/30740/30740.20.l2.ldscore.parquet
    jobid: 43
    reason: Missing output files: /dartfs/rc/lab/S/Szhao/katieh/organoid-rotation/outputs/UKBB/annotations/30740/30740.20.l2.ldscore.parquet; Input files updated by another job: /dartfs/rc/lab/S/Szhao/katieh/organoid-rotation/outputs/UKBB/annotations/30740/30740.20.annot.gz
    wildcards: trait=30740, chrom=20
    resources: tmpdir=/scratch/f007fdw


        python /dartfs/rc/lab/S/Szhao/katieh/polyfun/compute_ldscores.py                --bfile /dartfs/rc/lab/S/Szhao/fine-mapping/cancer-polyfun/1000G_EUR_Phase3_plink/1000G.EUR.QC.20                --annot /dartfs/rc/lab/S/Szhao/katieh/organoid-rotation/outputs/UKBB/annotations/30740/30740.20.annot.gz                --out /dartfs/rc/lab/S/Szhao/katieh/organoid-rotation/outputs/UKBB/annotations/30740/30740.20.l2.ldscore.parquet
        
[Sun Mar  2 15:17:07 2025]
Finished job 43.
26 of 50 steps (52%) done
Select jobs to execute...
Execute 1 jobs...

[Sun Mar  2 15:17:07 2025]
localrule create_annotations:
    input: /dartfs/rc/lab/S/Szhao/fine-mapping/cancer-polyfun/1000G_EUR_Phase3_plink/1000G.EUR.QC.19.bim, /dartfs/rc/lab/S/Szhao/fine-mapping/organoid-polyfun/bed_dir, /dartfs/rc/lab/S/Szhao/fine-mapping/cancer-polyfun/Gazel_LD_baseline/baseline_MAF_LD.19.annot.gz
    output: /dartfs/rc/lab/S/Szhao/katieh/organoid-rotation/outputs/UKBB/annotations/30740/30740.19.annot.gz, /dartfs/rc/lab/S/Szhao/katieh/organoid-rotation/outputs/UKBB/annotations/30740/30740.19.l2.M
    jobid: 42
    reason: Missing output files: /dartfs/rc/lab/S/Szhao/katieh/organoid-rotation/outputs/UKBB/annotations/30740/30740.19.annot.gz
    wildcards: trait=30740, chrom=19
    resources: tmpdir=/scratch/f007fdw

Rscript /dartfs/rc/lab/S/Szhao/katieh/organoid-rotation/code/R/create_annotations_KH.R /dartfs/rc/lab/S/Szhao/fine-mapping/cancer-polyfun/1000G_EUR_Phase3_plink/1000G.EUR.QC.19.bim /dartfs/rc/lab/S/Szhao/fine-mapping/organoid-polyfun/bed_dir /dartfs/rc/lab/S/Szhao/fine-mapping/cancer-polyfun/Gazel_LD_baseline/baseline_MAF_LD.19.annot.gz /dartfs/rc/lab/S/Szhao/katieh/organoid-rotation/outputs/UKBB/annotations/30740/30740.19.annot.gz /dartfs/rc/lab/S/Szhao/katieh/organoid-rotation/outputs/UKBB/annotations/30740/30740.19.l2.M
[Sun Mar  2 15:17:24 2025]
Finished job 42.
27 of 50 steps (54%) done
Select jobs to execute...
Execute 1 jobs...

[Sun Mar  2 15:17:24 2025]
localrule compute_ld_scores:
    input: /dartfs/rc/lab/S/Szhao/katieh/organoid-rotation/outputs/UKBB/annotations/30740/30740.16.annot.gz
    output: /dartfs/rc/lab/S/Szhao/katieh/organoid-rotation/outputs/UKBB/annotations/30740/30740.16.l2.ldscore.parquet
    jobid: 35
    reason: Missing output files: /dartfs/rc/lab/S/Szhao/katieh/organoid-rotation/outputs/UKBB/annotations/30740/30740.16.l2.ldscore.parquet; Input files updated by another job: /dartfs/rc/lab/S/Szhao/katieh/organoid-rotation/outputs/UKBB/annotations/30740/30740.16.annot.gz
    wildcards: trait=30740, chrom=16
    resources: tmpdir=/scratch/f007fdw


        python /dartfs/rc/lab/S/Szhao/katieh/polyfun/compute_ldscores.py                --bfile /dartfs/rc/lab/S/Szhao/fine-mapping/cancer-polyfun/1000G_EUR_Phase3_plink/1000G.EUR.QC.16                --annot /dartfs/rc/lab/S/Szhao/katieh/organoid-rotation/outputs/UKBB/annotations/30740/30740.16.annot.gz                --out /dartfs/rc/lab/S/Szhao/katieh/organoid-rotation/outputs/UKBB/annotations/30740/30740.16.l2.ldscore.parquet
        
[Sun Mar  2 15:18:27 2025]
Finished job 35.
28 of 50 steps (56%) done
Select jobs to execute...
Execute 1 jobs...

[Sun Mar  2 15:18:27 2025]
localrule compute_ld_scores:
    input: /dartfs/rc/lab/S/Szhao/katieh/organoid-rotation/outputs/UKBB/annotations/30740/30740.9.annot.gz
    output: /dartfs/rc/lab/S/Szhao/katieh/organoid-rotation/outputs/UKBB/annotations/30740/30740.9.l2.ldscore.parquet
    jobid: 21
    reason: Missing output files: /dartfs/rc/lab/S/Szhao/katieh/organoid-rotation/outputs/UKBB/annotations/30740/30740.9.l2.ldscore.parquet; Input files updated by another job: /dartfs/rc/lab/S/Szhao/katieh/organoid-rotation/outputs/UKBB/annotations/30740/30740.9.annot.gz
    wildcards: trait=30740, chrom=9
    resources: tmpdir=/scratch/f007fdw


        python /dartfs/rc/lab/S/Szhao/katieh/polyfun/compute_ldscores.py                --bfile /dartfs/rc/lab/S/Szhao/fine-mapping/cancer-polyfun/1000G_EUR_Phase3_plink/1000G.EUR.QC.9                --annot /dartfs/rc/lab/S/Szhao/katieh/organoid-rotation/outputs/UKBB/annotations/30740/30740.9.annot.gz                --out /dartfs/rc/lab/S/Szhao/katieh/organoid-rotation/outputs/UKBB/annotations/30740/30740.9.l2.ldscore.parquet
        
[Sun Mar  2 15:19:51 2025]
Finished job 21.
29 of 50 steps (58%) done
Select jobs to execute...
Execute 1 jobs...

[Sun Mar  2 15:19:51 2025]
localrule compute_ld_scores:
    input: /dartfs/rc/lab/S/Szhao/katieh/organoid-rotation/outputs/UKBB/annotations/30740/30740.18.annot.gz
    output: /dartfs/rc/lab/S/Szhao/katieh/organoid-rotation/outputs/UKBB/annotations/30740/30740.18.l2.ldscore.parquet
    jobid: 39
    reason: Missing output files: /dartfs/rc/lab/S/Szhao/katieh/organoid-rotation/outputs/UKBB/annotations/30740/30740.18.l2.ldscore.parquet; Input files updated by another job: /dartfs/rc/lab/S/Szhao/katieh/organoid-rotation/outputs/UKBB/annotations/30740/30740.18.annot.gz
    wildcards: trait=30740, chrom=18
    resources: tmpdir=/scratch/f007fdw


        python /dartfs/rc/lab/S/Szhao/katieh/polyfun/compute_ldscores.py                --bfile /dartfs/rc/lab/S/Szhao/fine-mapping/cancer-polyfun/1000G_EUR_Phase3_plink/1000G.EUR.QC.18                --annot /dartfs/rc/lab/S/Szhao/katieh/organoid-rotation/outputs/UKBB/annotations/30740/30740.18.annot.gz                --out /dartfs/rc/lab/S/Szhao/katieh/organoid-rotation/outputs/UKBB/annotations/30740/30740.18.l2.ldscore.parquet
        
[Sun Mar  2 15:20:47 2025]
Finished job 39.
30 of 50 steps (60%) done
Select jobs to execute...
Execute 1 jobs...

[Sun Mar  2 15:20:47 2025]
localrule create_annotations:
    input: /dartfs/rc/lab/S/Szhao/fine-mapping/cancer-polyfun/1000G_EUR_Phase3_plink/1000G.EUR.QC.12.bim, /dartfs/rc/lab/S/Szhao/fine-mapping/organoid-polyfun/bed_dir, /dartfs/rc/lab/S/Szhao/fine-mapping/cancer-polyfun/Gazel_LD_baseline/baseline_MAF_LD.12.annot.gz
    output: /dartfs/rc/lab/S/Szhao/katieh/organoid-rotation/outputs/UKBB/annotations/30740/30740.12.annot.gz, /dartfs/rc/lab/S/Szhao/katieh/organoid-rotation/outputs/UKBB/annotations/30740/30740.12.l2.M
    jobid: 28
    reason: Missing output files: /dartfs/rc/lab/S/Szhao/katieh/organoid-rotation/outputs/UKBB/annotations/30740/30740.12.annot.gz
    wildcards: trait=30740, chrom=12
    resources: tmpdir=/scratch/f007fdw

Rscript /dartfs/rc/lab/S/Szhao/katieh/organoid-rotation/code/R/create_annotations_KH.R /dartfs/rc/lab/S/Szhao/fine-mapping/cancer-polyfun/1000G_EUR_Phase3_plink/1000G.EUR.QC.12.bim /dartfs/rc/lab/S/Szhao/fine-mapping/organoid-polyfun/bed_dir /dartfs/rc/lab/S/Szhao/fine-mapping/cancer-polyfun/Gazel_LD_baseline/baseline_MAF_LD.12.annot.gz /dartfs/rc/lab/S/Szhao/katieh/organoid-rotation/outputs/UKBB/annotations/30740/30740.12.annot.gz /dartfs/rc/lab/S/Szhao/katieh/organoid-rotation/outputs/UKBB/annotations/30740/30740.12.l2.M
[Sun Mar  2 15:21:08 2025]
Finished job 28.
31 of 50 steps (62%) done
Select jobs to execute...
Execute 1 jobs...

[Sun Mar  2 15:21:08 2025]
localrule create_annotations:
    input: /dartfs/rc/lab/S/Szhao/fine-mapping/cancer-polyfun/1000G_EUR_Phase3_plink/1000G.EUR.QC.1.bim, /dartfs/rc/lab/S/Szhao/fine-mapping/organoid-polyfun/bed_dir, /dartfs/rc/lab/S/Szhao/fine-mapping/cancer-polyfun/Gazel_LD_baseline/baseline_MAF_LD.1.annot.gz
    output: /dartfs/rc/lab/S/Szhao/katieh/organoid-rotation/outputs/UKBB/annotations/30740/30740.1.annot.gz, /dartfs/rc/lab/S/Szhao/katieh/organoid-rotation/outputs/UKBB/annotations/30740/30740.1.l2.M
    jobid: 6
    reason: Missing output files: /dartfs/rc/lab/S/Szhao/katieh/organoid-rotation/outputs/UKBB/annotations/30740/30740.1.annot.gz
    wildcards: trait=30740, chrom=1
    resources: tmpdir=/scratch/f007fdw

Rscript /dartfs/rc/lab/S/Szhao/katieh/organoid-rotation/code/R/create_annotations_KH.R /dartfs/rc/lab/S/Szhao/fine-mapping/cancer-polyfun/1000G_EUR_Phase3_plink/1000G.EUR.QC.1.bim /dartfs/rc/lab/S/Szhao/fine-mapping/organoid-polyfun/bed_dir /dartfs/rc/lab/S/Szhao/fine-mapping/cancer-polyfun/Gazel_LD_baseline/baseline_MAF_LD.1.annot.gz /dartfs/rc/lab/S/Szhao/katieh/organoid-rotation/outputs/UKBB/annotations/30740/30740.1.annot.gz /dartfs/rc/lab/S/Szhao/katieh/organoid-rotation/outputs/UKBB/annotations/30740/30740.1.l2.M
[Sun Mar  2 15:21:32 2025]
Finished job 6.
32 of 50 steps (64%) done
Select jobs to execute...
Execute 1 jobs...

[Sun Mar  2 15:21:32 2025]
localrule compute_ld_scores:
    input: /dartfs/rc/lab/S/Szhao/katieh/organoid-rotation/outputs/UKBB/annotations/30740/30740.1.annot.gz
    output: /dartfs/rc/lab/S/Szhao/katieh/organoid-rotation/outputs/UKBB/annotations/30740/30740.1.l2.ldscore.parquet
    jobid: 5
    reason: Missing output files: /dartfs/rc/lab/S/Szhao/katieh/organoid-rotation/outputs/UKBB/annotations/30740/30740.1.l2.ldscore.parquet; Input files updated by another job: /dartfs/rc/lab/S/Szhao/katieh/organoid-rotation/outputs/UKBB/annotations/30740/30740.1.annot.gz
    wildcards: trait=30740, chrom=1
    resources: tmpdir=/scratch/f007fdw


        python /dartfs/rc/lab/S/Szhao/katieh/polyfun/compute_ldscores.py                --bfile /dartfs/rc/lab/S/Szhao/fine-mapping/cancer-polyfun/1000G_EUR_Phase3_plink/1000G.EUR.QC.1                --annot /dartfs/rc/lab/S/Szhao/katieh/organoid-rotation/outputs/UKBB/annotations/30740/30740.1.annot.gz                --out /dartfs/rc/lab/S/Szhao/katieh/organoid-rotation/outputs/UKBB/annotations/30740/30740.1.l2.ldscore.parquet
        
[Sun Mar  2 15:24:19 2025]
Finished job 5.
33 of 50 steps (66%) done
Select jobs to execute...
Execute 1 jobs...

[Sun Mar  2 15:24:19 2025]
localrule create_annotations:
    input: /dartfs/rc/lab/S/Szhao/fine-mapping/cancer-polyfun/1000G_EUR_Phase3_plink/1000G.EUR.QC.4.bim, /dartfs/rc/lab/S/Szhao/fine-mapping/organoid-polyfun/bed_dir, /dartfs/rc/lab/S/Szhao/fine-mapping/cancer-polyfun/Gazel_LD_baseline/baseline_MAF_LD.4.annot.gz
    output: /dartfs/rc/lab/S/Szhao/katieh/organoid-rotation/outputs/UKBB/annotations/30740/30740.4.annot.gz, /dartfs/rc/lab/S/Szhao/katieh/organoid-rotation/outputs/UKBB/annotations/30740/30740.4.l2.M
    jobid: 12
    reason: Missing output files: /dartfs/rc/lab/S/Szhao/katieh/organoid-rotation/outputs/UKBB/annotations/30740/30740.4.annot.gz
    wildcards: trait=30740, chrom=4
    resources: tmpdir=/scratch/f007fdw

Rscript /dartfs/rc/lab/S/Szhao/katieh/organoid-rotation/code/R/create_annotations_KH.R /dartfs/rc/lab/S/Szhao/fine-mapping/cancer-polyfun/1000G_EUR_Phase3_plink/1000G.EUR.QC.4.bim /dartfs/rc/lab/S/Szhao/fine-mapping/organoid-polyfun/bed_dir /dartfs/rc/lab/S/Szhao/fine-mapping/cancer-polyfun/Gazel_LD_baseline/baseline_MAF_LD.4.annot.gz /dartfs/rc/lab/S/Szhao/katieh/organoid-rotation/outputs/UKBB/annotations/30740/30740.4.annot.gz /dartfs/rc/lab/S/Szhao/katieh/organoid-rotation/outputs/UKBB/annotations/30740/30740.4.l2.M
[Sun Mar  2 15:24:45 2025]
Finished job 12.
34 of 50 steps (68%) done
Select jobs to execute...
Execute 1 jobs...

[Sun Mar  2 15:24:45 2025]
localrule create_annotations:
    input: /dartfs/rc/lab/S/Szhao/fine-mapping/cancer-polyfun/1000G_EUR_Phase3_plink/1000G.EUR.QC.11.bim, /dartfs/rc/lab/S/Szhao/fine-mapping/organoid-polyfun/bed_dir, /dartfs/rc/lab/S/Szhao/fine-mapping/cancer-polyfun/Gazel_LD_baseline/baseline_MAF_LD.11.annot.gz
    output: /dartfs/rc/lab/S/Szhao/katieh/organoid-rotation/outputs/UKBB/annotations/30740/30740.11.annot.gz, /dartfs/rc/lab/S/Szhao/katieh/organoid-rotation/outputs/UKBB/annotations/30740/30740.11.l2.M
    jobid: 26
    reason: Missing output files: /dartfs/rc/lab/S/Szhao/katieh/organoid-rotation/outputs/UKBB/annotations/30740/30740.11.annot.gz
    wildcards: trait=30740, chrom=11
    resources: tmpdir=/scratch/f007fdw

Rscript /dartfs/rc/lab/S/Szhao/katieh/organoid-rotation/code/R/create_annotations_KH.R /dartfs/rc/lab/S/Szhao/fine-mapping/cancer-polyfun/1000G_EUR_Phase3_plink/1000G.EUR.QC.11.bim /dartfs/rc/lab/S/Szhao/fine-mapping/organoid-polyfun/bed_dir /dartfs/rc/lab/S/Szhao/fine-mapping/cancer-polyfun/Gazel_LD_baseline/baseline_MAF_LD.11.annot.gz /dartfs/rc/lab/S/Szhao/katieh/organoid-rotation/outputs/UKBB/annotations/30740/30740.11.annot.gz /dartfs/rc/lab/S/Szhao/katieh/organoid-rotation/outputs/UKBB/annotations/30740/30740.11.l2.M
[Sun Mar  2 15:25:06 2025]
Finished job 26.
35 of 50 steps (70%) done
Select jobs to execute...
Execute 1 jobs...

[Sun Mar  2 15:25:06 2025]
localrule compute_ld_scores:
    input: /dartfs/rc/lab/S/Szhao/katieh/organoid-rotation/outputs/UKBB/annotations/30740/30740.11.annot.gz
    output: /dartfs/rc/lab/S/Szhao/katieh/organoid-rotation/outputs/UKBB/annotations/30740/30740.11.l2.ldscore.parquet
    jobid: 25
    reason: Missing output files: /dartfs/rc/lab/S/Szhao/katieh/organoid-rotation/outputs/UKBB/annotations/30740/30740.11.l2.ldscore.parquet; Input files updated by another job: /dartfs/rc/lab/S/Szhao/katieh/organoid-rotation/outputs/UKBB/annotations/30740/30740.11.annot.gz
    wildcards: trait=30740, chrom=11
    resources: tmpdir=/scratch/f007fdw


        python /dartfs/rc/lab/S/Szhao/katieh/polyfun/compute_ldscores.py                --bfile /dartfs/rc/lab/S/Szhao/fine-mapping/cancer-polyfun/1000G_EUR_Phase3_plink/1000G.EUR.QC.11                --annot /dartfs/rc/lab/S/Szhao/katieh/organoid-rotation/outputs/UKBB/annotations/30740/30740.11.annot.gz                --out /dartfs/rc/lab/S/Szhao/katieh/organoid-rotation/outputs/UKBB/annotations/30740/30740.11.l2.ldscore.parquet
        
[Sun Mar  2 15:27:32 2025]
Finished job 25.
36 of 50 steps (72%) done
Select jobs to execute...
Execute 1 jobs...

[Sun Mar  2 15:27:32 2025]
localrule compute_ld_scores:
    input: /dartfs/rc/lab/S/Szhao/katieh/organoid-rotation/outputs/UKBB/annotations/30740/30740.2.annot.gz
    output: /dartfs/rc/lab/S/Szhao/katieh/organoid-rotation/outputs/UKBB/annotations/30740/30740.2.l2.ldscore.parquet
    jobid: 7
    reason: Missing output files: /dartfs/rc/lab/S/Szhao/katieh/organoid-rotation/outputs/UKBB/annotations/30740/30740.2.l2.ldscore.parquet; Input files updated by another job: /dartfs/rc/lab/S/Szhao/katieh/organoid-rotation/outputs/UKBB/annotations/30740/30740.2.annot.gz
    wildcards: trait=30740, chrom=2
    resources: tmpdir=/scratch/f007fdw


        python /dartfs/rc/lab/S/Szhao/katieh/polyfun/compute_ldscores.py                --bfile /dartfs/rc/lab/S/Szhao/fine-mapping/cancer-polyfun/1000G_EUR_Phase3_plink/1000G.EUR.QC.2                --annot /dartfs/rc/lab/S/Szhao/katieh/organoid-rotation/outputs/UKBB/annotations/30740/30740.2.annot.gz                --out /dartfs/rc/lab/S/Szhao/katieh/organoid-rotation/outputs/UKBB/annotations/30740/30740.2.l2.ldscore.parquet
        
[Sun Mar  2 15:30:43 2025]
Finished job 7.
37 of 50 steps (74%) done
Select jobs to execute...
Execute 1 jobs...

[Sun Mar  2 15:30:43 2025]
localrule create_annotations:
    input: /dartfs/rc/lab/S/Szhao/fine-mapping/cancer-polyfun/1000G_EUR_Phase3_plink/1000G.EUR.QC.17.bim, /dartfs/rc/lab/S/Szhao/fine-mapping/organoid-polyfun/bed_dir, /dartfs/rc/lab/S/Szhao/fine-mapping/cancer-polyfun/Gazel_LD_baseline/baseline_MAF_LD.17.annot.gz
    output: /dartfs/rc/lab/S/Szhao/katieh/organoid-rotation/outputs/UKBB/annotations/30740/30740.17.annot.gz, /dartfs/rc/lab/S/Szhao/katieh/organoid-rotation/outputs/UKBB/annotations/30740/30740.17.l2.M
    jobid: 38
    reason: Missing output files: /dartfs/rc/lab/S/Szhao/katieh/organoid-rotation/outputs/UKBB/annotations/30740/30740.17.annot.gz
    wildcards: trait=30740, chrom=17
    resources: tmpdir=/scratch/f007fdw

Rscript /dartfs/rc/lab/S/Szhao/katieh/organoid-rotation/code/R/create_annotations_KH.R /dartfs/rc/lab/S/Szhao/fine-mapping/cancer-polyfun/1000G_EUR_Phase3_plink/1000G.EUR.QC.17.bim /dartfs/rc/lab/S/Szhao/fine-mapping/organoid-polyfun/bed_dir /dartfs/rc/lab/S/Szhao/fine-mapping/cancer-polyfun/Gazel_LD_baseline/baseline_MAF_LD.17.annot.gz /dartfs/rc/lab/S/Szhao/katieh/organoid-rotation/outputs/UKBB/annotations/30740/30740.17.annot.gz /dartfs/rc/lab/S/Szhao/katieh/organoid-rotation/outputs/UKBB/annotations/30740/30740.17.l2.M
[Sun Mar  2 15:31:00 2025]
Finished job 38.
38 of 50 steps (76%) done
Select jobs to execute...
Execute 1 jobs...

[Sun Mar  2 15:31:00 2025]
localrule create_annotations:
    input: /dartfs/rc/lab/S/Szhao/fine-mapping/cancer-polyfun/1000G_EUR_Phase3_plink/1000G.EUR.QC.6.bim, /dartfs/rc/lab/S/Szhao/fine-mapping/organoid-polyfun/bed_dir, /dartfs/rc/lab/S/Szhao/fine-mapping/cancer-polyfun/Gazel_LD_baseline/baseline_MAF_LD.6.annot.gz
    output: /dartfs/rc/lab/S/Szhao/katieh/organoid-rotation/outputs/UKBB/annotations/30740/30740.6.annot.gz, /dartfs/rc/lab/S/Szhao/katieh/organoid-rotation/outputs/UKBB/annotations/30740/30740.6.l2.M
    jobid: 16
    reason: Missing output files: /dartfs/rc/lab/S/Szhao/katieh/organoid-rotation/outputs/UKBB/annotations/30740/30740.6.annot.gz
    wildcards: trait=30740, chrom=6
    resources: tmpdir=/scratch/f007fdw

Rscript /dartfs/rc/lab/S/Szhao/katieh/organoid-rotation/code/R/create_annotations_KH.R /dartfs/rc/lab/S/Szhao/fine-mapping/cancer-polyfun/1000G_EUR_Phase3_plink/1000G.EUR.QC.6.bim /dartfs/rc/lab/S/Szhao/fine-mapping/organoid-polyfun/bed_dir /dartfs/rc/lab/S/Szhao/fine-mapping/cancer-polyfun/Gazel_LD_baseline/baseline_MAF_LD.6.annot.gz /dartfs/rc/lab/S/Szhao/katieh/organoid-rotation/outputs/UKBB/annotations/30740/30740.6.annot.gz /dartfs/rc/lab/S/Szhao/katieh/organoid-rotation/outputs/UKBB/annotations/30740/30740.6.l2.M
[Sun Mar  2 15:31:24 2025]
Finished job 16.
39 of 50 steps (78%) done
Select jobs to execute...
Execute 1 jobs...

[Sun Mar  2 15:31:24 2025]
localrule compute_ld_scores:
    input: /dartfs/rc/lab/S/Szhao/katieh/organoid-rotation/outputs/UKBB/annotations/30740/30740.3.annot.gz
    output: /dartfs/rc/lab/S/Szhao/katieh/organoid-rotation/outputs/UKBB/annotations/30740/30740.3.l2.ldscore.parquet
    jobid: 9
    reason: Missing output files: /dartfs/rc/lab/S/Szhao/katieh/organoid-rotation/outputs/UKBB/annotations/30740/30740.3.l2.ldscore.parquet; Input files updated by another job: /dartfs/rc/lab/S/Szhao/katieh/organoid-rotation/outputs/UKBB/annotations/30740/30740.3.annot.gz
    wildcards: trait=30740, chrom=3
    resources: tmpdir=/scratch/f007fdw


        python /dartfs/rc/lab/S/Szhao/katieh/polyfun/compute_ldscores.py                --bfile /dartfs/rc/lab/S/Szhao/fine-mapping/cancer-polyfun/1000G_EUR_Phase3_plink/1000G.EUR.QC.3                --annot /dartfs/rc/lab/S/Szhao/katieh/organoid-rotation/outputs/UKBB/annotations/30740/30740.3.annot.gz                --out /dartfs/rc/lab/S/Szhao/katieh/organoid-rotation/outputs/UKBB/annotations/30740/30740.3.l2.ldscore.parquet
        
[Sun Mar  2 15:34:21 2025]
Finished job 9.
40 of 50 steps (80%) done
Select jobs to execute...
Execute 1 jobs...

[Sun Mar  2 15:34:21 2025]
localrule get_significant_loci:
    input: /dartfs/rc/lab/S/Szhao/katieh/organoid-rotation/cleaned-sumstats/UKBB/30740_sumstats.txt.gz, /dartfs/rc/lab/S/Szhao/fine-mapping/cancer-polyfun/Euro_LD_Chunks.bed
    output: /dartfs/rc/lab/S/Szhao/katieh/organoid-rotation/outputs/UKBB/results/30740_signif_loci.txt
    jobid: 49
    reason: Missing output files: /dartfs/rc/lab/S/Szhao/katieh/organoid-rotation/outputs/UKBB/results/30740_signif_loci.txt; Input files updated by another job: /dartfs/rc/lab/S/Szhao/katieh/organoid-rotation/cleaned-sumstats/UKBB/30740_sumstats.txt.gz
    wildcards: trait=30740
    resources: tmpdir=/scratch/f007fdw

Rscript /dartfs/rc/lab/S/Szhao/katieh/organoid-rotation/code/R/get_signif_loci_KH.R /dartfs/rc/lab/S/Szhao/katieh/organoid-rotation/cleaned-sumstats/UKBB/30740_sumstats.txt.gz /dartfs/rc/lab/S/Szhao/fine-mapping/cancer-polyfun/Euro_LD_Chunks.bed /dartfs/rc/lab/S/Szhao/katieh/organoid-rotation/outputs/UKBB/results/30740_signif_loci.txt
[Sun Mar  2 15:35:48 2025]
Finished job 49.
41 of 50 steps (82%) done
Select jobs to execute...
Execute 1 jobs...

[Sun Mar  2 15:35:48 2025]
localrule compute_ld_scores:
    input: /dartfs/rc/lab/S/Szhao/katieh/organoid-rotation/outputs/UKBB/annotations/30740/30740.12.annot.gz
    output: /dartfs/rc/lab/S/Szhao/katieh/organoid-rotation/outputs/UKBB/annotations/30740/30740.12.l2.ldscore.parquet
    jobid: 27
    reason: Missing output files: /dartfs/rc/lab/S/Szhao/katieh/organoid-rotation/outputs/UKBB/annotations/30740/30740.12.l2.ldscore.parquet; Input files updated by another job: /dartfs/rc/lab/S/Szhao/katieh/organoid-rotation/outputs/UKBB/annotations/30740/30740.12.annot.gz
    wildcards: trait=30740, chrom=12
    resources: tmpdir=/scratch/f007fdw


        python /dartfs/rc/lab/S/Szhao/katieh/polyfun/compute_ldscores.py                --bfile /dartfs/rc/lab/S/Szhao/fine-mapping/cancer-polyfun/1000G_EUR_Phase3_plink/1000G.EUR.QC.12                --annot /dartfs/rc/lab/S/Szhao/katieh/organoid-rotation/outputs/UKBB/annotations/30740/30740.12.annot.gz                --out /dartfs/rc/lab/S/Szhao/katieh/organoid-rotation/outputs/UKBB/annotations/30740/30740.12.l2.ldscore.parquet
        
[Sun Mar  2 15:37:41 2025]
Finished job 27.
42 of 50 steps (84%) done
Select jobs to execute...
Execute 1 jobs...

[Sun Mar  2 15:37:41 2025]
localrule compute_ld_scores:
    input: /dartfs/rc/lab/S/Szhao/katieh/organoid-rotation/outputs/UKBB/annotations/30740/30740.19.annot.gz
    output: /dartfs/rc/lab/S/Szhao/katieh/organoid-rotation/outputs/UKBB/annotations/30740/30740.19.l2.ldscore.parquet
    jobid: 41
    reason: Missing output files: /dartfs/rc/lab/S/Szhao/katieh/organoid-rotation/outputs/UKBB/annotations/30740/30740.19.l2.ldscore.parquet; Input files updated by another job: /dartfs/rc/lab/S/Szhao/katieh/organoid-rotation/outputs/UKBB/annotations/30740/30740.19.annot.gz
    wildcards: trait=30740, chrom=19
    resources: tmpdir=/scratch/f007fdw


        python /dartfs/rc/lab/S/Szhao/katieh/polyfun/compute_ldscores.py                --bfile /dartfs/rc/lab/S/Szhao/fine-mapping/cancer-polyfun/1000G_EUR_Phase3_plink/1000G.EUR.QC.19                --annot /dartfs/rc/lab/S/Szhao/katieh/organoid-rotation/outputs/UKBB/annotations/30740/30740.19.annot.gz                --out /dartfs/rc/lab/S/Szhao/katieh/organoid-rotation/outputs/UKBB/annotations/30740/30740.19.l2.ldscore.parquet
        
[Sun Mar  2 15:38:28 2025]
Finished job 41.
43 of 50 steps (86%) done
Select jobs to execute...
Execute 1 jobs...

[Sun Mar  2 15:38:28 2025]
localrule compute_ld_scores:
    input: /dartfs/rc/lab/S/Szhao/katieh/organoid-rotation/outputs/UKBB/annotations/30740/30740.7.annot.gz
    output: /dartfs/rc/lab/S/Szhao/katieh/organoid-rotation/outputs/UKBB/annotations/30740/30740.7.l2.ldscore.parquet
    jobid: 17
    reason: Missing output files: /dartfs/rc/lab/S/Szhao/katieh/organoid-rotation/outputs/UKBB/annotations/30740/30740.7.l2.ldscore.parquet; Input files updated by another job: /dartfs/rc/lab/S/Szhao/katieh/organoid-rotation/outputs/UKBB/annotations/30740/30740.7.annot.gz
    wildcards: trait=30740, chrom=7
    resources: tmpdir=/scratch/f007fdw


        python /dartfs/rc/lab/S/Szhao/katieh/polyfun/compute_ldscores.py                --bfile /dartfs/rc/lab/S/Szhao/fine-mapping/cancer-polyfun/1000G_EUR_Phase3_plink/1000G.EUR.QC.7                --annot /dartfs/rc/lab/S/Szhao/katieh/organoid-rotation/outputs/UKBB/annotations/30740/30740.7.annot.gz                --out /dartfs/rc/lab/S/Szhao/katieh/organoid-rotation/outputs/UKBB/annotations/30740/30740.7.l2.ldscore.parquet
        
[Sun Mar  2 15:40:51 2025]
Finished job 17.
44 of 50 steps (88%) done
Select jobs to execute...
Execute 1 jobs...

[Sun Mar  2 15:40:51 2025]
localrule compute_ld_scores:
    input: /dartfs/rc/lab/S/Szhao/katieh/organoid-rotation/outputs/UKBB/annotations/30740/30740.6.annot.gz
    output: /dartfs/rc/lab/S/Szhao/katieh/organoid-rotation/outputs/UKBB/annotations/30740/30740.6.l2.ldscore.parquet
    jobid: 15
    reason: Missing output files: /dartfs/rc/lab/S/Szhao/katieh/organoid-rotation/outputs/UKBB/annotations/30740/30740.6.l2.ldscore.parquet; Input files updated by another job: /dartfs/rc/lab/S/Szhao/katieh/organoid-rotation/outputs/UKBB/annotations/30740/30740.6.annot.gz
    wildcards: trait=30740, chrom=6
    resources: tmpdir=/scratch/f007fdw


        python /dartfs/rc/lab/S/Szhao/katieh/polyfun/compute_ldscores.py                --bfile /dartfs/rc/lab/S/Szhao/fine-mapping/cancer-polyfun/1000G_EUR_Phase3_plink/1000G.EUR.QC.6                --annot /dartfs/rc/lab/S/Szhao/katieh/organoid-rotation/outputs/UKBB/annotations/30740/30740.6.annot.gz                --out /dartfs/rc/lab/S/Szhao/katieh/organoid-rotation/outputs/UKBB/annotations/30740/30740.6.l2.ldscore.parquet
        
[Sun Mar  2 15:44:48 2025]
Finished job 15.
45 of 50 steps (90%) done
Select jobs to execute...
Execute 1 jobs...

[Sun Mar  2 15:44:48 2025]
localrule compute_ld_scores:
    input: /dartfs/rc/lab/S/Szhao/katieh/organoid-rotation/outputs/UKBB/annotations/30740/30740.4.annot.gz
    output: /dartfs/rc/lab/S/Szhao/katieh/organoid-rotation/outputs/UKBB/annotations/30740/30740.4.l2.ldscore.parquet
    jobid: 11
    reason: Missing output files: /dartfs/rc/lab/S/Szhao/katieh/organoid-rotation/outputs/UKBB/annotations/30740/30740.4.l2.ldscore.parquet; Input files updated by another job: /dartfs/rc/lab/S/Szhao/katieh/organoid-rotation/outputs/UKBB/annotations/30740/30740.4.annot.gz
    wildcards: trait=30740, chrom=4
    resources: tmpdir=/scratch/f007fdw


        python /dartfs/rc/lab/S/Szhao/katieh/polyfun/compute_ldscores.py                --bfile /dartfs/rc/lab/S/Szhao/fine-mapping/cancer-polyfun/1000G_EUR_Phase3_plink/1000G.EUR.QC.4                --annot /dartfs/rc/lab/S/Szhao/katieh/organoid-rotation/outputs/UKBB/annotations/30740/30740.4.annot.gz                --out /dartfs/rc/lab/S/Szhao/katieh/organoid-rotation/outputs/UKBB/annotations/30740/30740.4.l2.ldscore.parquet
        
[Sun Mar  2 15:47:51 2025]
Finished job 11.
46 of 50 steps (92%) done
Select jobs to execute...
Execute 1 jobs...

[Sun Mar  2 15:47:51 2025]
localrule compute_ld_scores:
    input: /dartfs/rc/lab/S/Szhao/katieh/organoid-rotation/outputs/UKBB/annotations/30740/30740.17.annot.gz
    output: /dartfs/rc/lab/S/Szhao/katieh/organoid-rotation/outputs/UKBB/annotations/30740/30740.17.l2.ldscore.parquet
    jobid: 37
    reason: Missing output files: /dartfs/rc/lab/S/Szhao/katieh/organoid-rotation/outputs/UKBB/annotations/30740/30740.17.l2.ldscore.parquet; Input files updated by another job: /dartfs/rc/lab/S/Szhao/katieh/organoid-rotation/outputs/UKBB/annotations/30740/30740.17.annot.gz
    wildcards: trait=30740, chrom=17
    resources: tmpdir=/scratch/f007fdw


        python /dartfs/rc/lab/S/Szhao/katieh/polyfun/compute_ldscores.py                --bfile /dartfs/rc/lab/S/Szhao/fine-mapping/cancer-polyfun/1000G_EUR_Phase3_plink/1000G.EUR.QC.17                --annot /dartfs/rc/lab/S/Szhao/katieh/organoid-rotation/outputs/UKBB/annotations/30740/30740.17.annot.gz                --out /dartfs/rc/lab/S/Szhao/katieh/organoid-rotation/outputs/UKBB/annotations/30740/30740.17.l2.ldscore.parquet
        
[Sun Mar  2 15:48:39 2025]
Finished job 37.
47 of 50 steps (94%) done
Select jobs to execute...
Execute 1 jobs...

[Sun Mar  2 15:48:39 2025]
localrule compute_ld_scores:
    input: /dartfs/rc/lab/S/Szhao/katieh/organoid-rotation/outputs/UKBB/annotations/30740/30740.13.annot.gz
    output: /dartfs/rc/lab/S/Szhao/katieh/organoid-rotation/outputs/UKBB/annotations/30740/30740.13.l2.ldscore.parquet
    jobid: 29
    reason: Missing output files: /dartfs/rc/lab/S/Szhao/katieh/organoid-rotation/outputs/UKBB/annotations/30740/30740.13.l2.ldscore.parquet; Input files updated by another job: /dartfs/rc/lab/S/Szhao/katieh/organoid-rotation/outputs/UKBB/annotations/30740/30740.13.annot.gz
    wildcards: trait=30740, chrom=13
    resources: tmpdir=/scratch/f007fdw


        python /dartfs/rc/lab/S/Szhao/katieh/polyfun/compute_ldscores.py                --bfile /dartfs/rc/lab/S/Szhao/fine-mapping/cancer-polyfun/1000G_EUR_Phase3_plink/1000G.EUR.QC.13                --annot /dartfs/rc/lab/S/Szhao/katieh/organoid-rotation/outputs/UKBB/annotations/30740/30740.13.annot.gz                --out /dartfs/rc/lab/S/Szhao/katieh/organoid-rotation/outputs/UKBB/annotations/30740/30740.13.l2.ldscore.parquet
        
[Sun Mar  2 15:50:11 2025]
Finished job 29.
48 of 50 steps (96%) done
Select jobs to execute...
Execute 1 jobs...

[Sun Mar  2 15:50:11 2025]
localrule enrichment_ldsc:
    input: /dartfs/rc/lab/S/Szhao/katieh/organoid-rotation/outputs/UKBB/munged_sumstats/30740_munged_sumstats.parquet, /dartfs/rc/lab/S/Szhao/katieh/organoid-rotation/outputs/UKBB/annotations/30740/30740.1.l2.ldscore.parquet, /dartfs/rc/lab/S/Szhao/katieh/organoid-rotation/outputs/UKBB/annotations/30740/30740.2.l2.ldscore.parquet, /dartfs/rc/lab/S/Szhao/katieh/organoid-rotation/outputs/UKBB/annotations/30740/30740.3.l2.ldscore.parquet, /dartfs/rc/lab/S/Szhao/katieh/organoid-rotation/outputs/UKBB/annotations/30740/30740.4.l2.ldscore.parquet, /dartfs/rc/lab/S/Szhao/katieh/organoid-rotation/outputs/UKBB/annotations/30740/30740.5.l2.ldscore.parquet, /dartfs/rc/lab/S/Szhao/katieh/organoid-rotation/outputs/UKBB/annotations/30740/30740.6.l2.ldscore.parquet, /dartfs/rc/lab/S/Szhao/katieh/organoid-rotation/outputs/UKBB/annotations/30740/30740.7.l2.ldscore.parquet, /dartfs/rc/lab/S/Szhao/katieh/organoid-rotation/outputs/UKBB/annotations/30740/30740.8.l2.ldscore.parquet, /dartfs/rc/lab/S/Szhao/katieh/organoid-rotation/outputs/UKBB/annotations/30740/30740.9.l2.ldscore.parquet, /dartfs/rc/lab/S/Szhao/katieh/organoid-rotation/outputs/UKBB/annotations/30740/30740.10.l2.ldscore.parquet, /dartfs/rc/lab/S/Szhao/katieh/organoid-rotation/outputs/UKBB/annotations/30740/30740.11.l2.ldscore.parquet, /dartfs/rc/lab/S/Szhao/katieh/organoid-rotation/outputs/UKBB/annotations/30740/30740.12.l2.ldscore.parquet, /dartfs/rc/lab/S/Szhao/katieh/organoid-rotation/outputs/UKBB/annotations/30740/30740.13.l2.ldscore.parquet, /dartfs/rc/lab/S/Szhao/katieh/organoid-rotation/outputs/UKBB/annotations/30740/30740.14.l2.ldscore.parquet, /dartfs/rc/lab/S/Szhao/katieh/organoid-rotation/outputs/UKBB/annotations/30740/30740.15.l2.ldscore.parquet, /dartfs/rc/lab/S/Szhao/katieh/organoid-rotation/outputs/UKBB/annotations/30740/30740.16.l2.ldscore.parquet, /dartfs/rc/lab/S/Szhao/katieh/organoid-rotation/outputs/UKBB/annotations/30740/30740.17.l2.ldscore.parquet, /dartfs/rc/lab/S/Szhao/katieh/organoid-rotation/outputs/UKBB/annotations/30740/30740.18.l2.ldscore.parquet, /dartfs/rc/lab/S/Szhao/katieh/organoid-rotation/outputs/UKBB/annotations/30740/30740.19.l2.ldscore.parquet, /dartfs/rc/lab/S/Szhao/katieh/organoid-rotation/outputs/UKBB/annotations/30740/30740.20.l2.ldscore.parquet, /dartfs/rc/lab/S/Szhao/katieh/organoid-rotation/outputs/UKBB/annotations/30740/30740.21.l2.ldscore.parquet, /dartfs/rc/lab/S/Szhao/katieh/organoid-rotation/outputs/UKBB/annotations/30740/30740.22.l2.ldscore.parquet
    output: /dartfs/rc/lab/S/Szhao/katieh/organoid-rotation/outputs/UKBB/results/30740_enrichment.results
    jobid: 1
    reason: Missing output files: /dartfs/rc/lab/S/Szhao/katieh/organoid-rotation/outputs/UKBB/results/30740_enrichment.results; Input files updated by another job: /dartfs/rc/lab/S/Szhao/katieh/organoid-rotation/outputs/UKBB/annotations/30740/30740.2.l2.ldscore.parquet, /dartfs/rc/lab/S/Szhao/katieh/organoid-rotation/outputs/UKBB/annotations/30740/30740.11.l2.ldscore.parquet, /dartfs/rc/lab/S/Szhao/katieh/organoid-rotation/outputs/UKBB/annotations/30740/30740.9.l2.ldscore.parquet, /dartfs/rc/lab/S/Szhao/katieh/organoid-rotation/outputs/UKBB/annotations/30740/30740.6.l2.ldscore.parquet, /dartfs/rc/lab/S/Szhao/katieh/organoid-rotation/outputs/UKBB/annotations/30740/30740.14.l2.ldscore.parquet, /dartfs/rc/lab/S/Szhao/katieh/organoid-rotation/outputs/UKBB/annotations/30740/30740.5.l2.ldscore.parquet, /dartfs/rc/lab/S/Szhao/katieh/organoid-rotation/outputs/UKBB/annotations/30740/30740.22.l2.ldscore.parquet, /dartfs/rc/lab/S/Szhao/katieh/organoid-rotation/outputs/UKBB/annotations/30740/30740.8.l2.ldscore.parquet, /dartfs/rc/lab/S/Szhao/katieh/organoid-rotation/outputs/UKBB/annotations/30740/30740.3.l2.ldscore.parquet, /dartfs/rc/lab/S/Szhao/katieh/organoid-rotation/outputs/UKBB/annotations/30740/30740.17.l2.ldscore.parquet, /dartfs/rc/lab/S/Szhao/katieh/organoid-rotation/outputs/UKBB/annotations/30740/30740.16.l2.ldscore.parquet, /dartfs/rc/lab/S/Szhao/katieh/organoid-rotation/outputs/UKBB/annotations/30740/30740.18.l2.ldscore.parquet, /dartfs/rc/lab/S/Szhao/katieh/organoid-rotation/outputs/UKBB/annotations/30740/30740.1.l2.ldscore.parquet, /dartfs/rc/lab/S/Szhao/katieh/organoid-rotation/outputs/UKBB/annotations/30740/30740.20.l2.ldscore.parquet, /dartfs/rc/lab/S/Szhao/katieh/organoid-rotation/outputs/UKBB/annotations/30740/30740.15.l2.ldscore.parquet, /dartfs/rc/lab/S/Szhao/katieh/organoid-rotation/outputs/UKBB/munged_sumstats/30740_munged_sumstats.parquet, /dartfs/rc/lab/S/Szhao/katieh/organoid-rotation/outputs/UKBB/annotations/30740/30740.4.l2.ldscore.parquet, /dartfs/rc/lab/S/Szhao/katieh/organoid-rotation/outputs/UKBB/annotations/30740/30740.7.l2.ldscore.parquet, /dartfs/rc/lab/S/Szhao/katieh/organoid-rotation/outputs/UKBB/annotations/30740/30740.12.l2.ldscore.parquet, /dartfs/rc/lab/S/Szhao/katieh/organoid-rotation/outputs/UKBB/annotations/30740/30740.19.l2.ldscore.parquet, /dartfs/rc/lab/S/Szhao/katieh/organoid-rotation/outputs/UKBB/annotations/30740/30740.13.l2.ldscore.parquet, /dartfs/rc/lab/S/Szhao/katieh/organoid-rotation/outputs/UKBB/annotations/30740/30740.10.l2.ldscore.parquet, /dartfs/rc/lab/S/Szhao/katieh/organoid-rotation/outputs/UKBB/annotations/30740/30740.21.l2.ldscore.parquet
    wildcards: trait=30740
    resources: tmpdir=/scratch/f007fdw


      python /dartfs/rc/lab/S/Szhao/katieh/polyfun/ldsc.py --h2 /dartfs/rc/lab/S/Szhao/katieh/organoid-rotation/outputs/UKBB/munged_sumstats/30740_munged_sumstats.parquet              --ref-ld-chr /dartfs/rc/lab/S/Szhao/katieh/organoid-rotation/outputs/UKBB/annotations/30740/30740.              --w-ld-chr /dartfs/rc/lab/S/Szhao/fine-mapping/cancer-polyfun/weights/weights.              --not-M-5-50              --out /dartfs/rc/lab/S/Szhao/katieh/organoid-rotation/outputs/UKBB/results/30740_enrichment              --overlap-annot       && sed -i 's/_0//g' /dartfs/rc/lab/S/Szhao/katieh/organoid-rotation/outputs/UKBB/results/30740_enrichment.results
      
[Sun Mar  2 15:52:50 2025]
Finished job 1.
49 of 50 steps (98%) done
Select jobs to execute...
Execute 1 jobs...

[Sun Mar  2 15:52:50 2025]
localrule all:
    input: /dartfs/rc/lab/S/Szhao/katieh/organoid-rotation/outputs/UKBB/results/30740_enrichment.results, /dartfs/rc/lab/S/Szhao/katieh/organoid-rotation/outputs/UKBB/results/30740_signif_loci.txt, /dartfs/rc/lab/S/Szhao/katieh/organoid-rotation/cleaned-sumstats/UKBB/30740_sumstats.txt.gz, /dartfs/rc/lab/S/Szhao/katieh/organoid-rotation/raw-sumstats/UKBB/ukb-d-30740_irnt_preprocessed.vcf.gz
    jobid: 0
    reason: Input files updated by another job: /dartfs/rc/lab/S/Szhao/katieh/organoid-rotation/outputs/UKBB/results/30740_signif_loci.txt, /dartfs/rc/lab/S/Szhao/katieh/organoid-rotation/outputs/UKBB/results/30740_enrichment.results, /dartfs/rc/lab/S/Szhao/katieh/organoid-rotation/cleaned-sumstats/UKBB/30740_sumstats.txt.gz, /dartfs/rc/lab/S/Szhao/katieh/organoid-rotation/raw-sumstats/UKBB/ukb-d-30740_irnt_preprocessed.vcf.gz
    resources: tmpdir=/scratch/f007fdw

[Sun Mar  2 15:52:50 2025]
Finished job 0.
50 of 50 steps (100%) done
Complete log: .snakemake/log/2025-03-02T145503.891879.snakemake.log
