host: t11.hpcc.dartmouth.edu
Building DAG of jobs...
Using shell: /usr/bin/bash
Provided cores: 1 (use --cores to define parallelism)
Rules claiming more threads will be scaled down.
Job stats:
job               count
--------------  -------
all                   1
clean_sumstats        1
total                 2

Select jobs to execute...
Execute 1 jobs...

[Thu Feb 13 15:45:57 2025]
localrule clean_sumstats:
    input: /dartfs/rc/lab/S/Szhao/katieh/organoid-rotation/raw-sumstats/MVP_R4.1000G_AGR.TotChol_Mean_INT.EUR.GIA.dbGaP.txt.gz
    output: /dartfs/rc/lab/S/Szhao/katieh/organoid-rotation/cleaned-sumstats/TotChol_Mean_INT_sumstats.txt.gz
    jobid: 1
    reason: Missing output files: /dartfs/rc/lab/S/Szhao/katieh/organoid-rotation/cleaned-sumstats/TotChol_Mean_INT_sumstats.txt.gz
    wildcards: traits=TotChol_Mean_INT
    resources: tmpdir=/scratch/f007fdw

[Thu Feb 13 15:54:25 2025]
Finished job 1.
1 of 2 steps (50%) done
Select jobs to execute...
Execute 1 jobs...

[Thu Feb 13 15:54:25 2025]
localrule all:
    input: /dartfs/rc/lab/S/Szhao/katieh/organoid-rotation/cleaned-sumstats/TotChol_Mean_INT_sumstats.txt.gz
    jobid: 0
    reason: Input files updated by another job: /dartfs/rc/lab/S/Szhao/katieh/organoid-rotation/cleaned-sumstats/TotChol_Mean_INT_sumstats.txt.gz
    resources: tmpdir=/scratch/f007fdw

[Thu Feb 13 15:54:25 2025]
Finished job 0.
2 of 2 steps (100%) done
Complete log: .snakemake/log/2025-02-13T154557.579601.snakemake.log
