host: s18.hpcc.dartmouth.edu
Building DAG of jobs...
Using shell: /usr/bin/bash
Provided cores: 1 (use --cores to define parallelism)
Rules claiming more threads will be scaled down.
Job stats:
job                      count
---------------------  -------
all                          1
clean_sumstats_binary        1
total                        2

Select jobs to execute...
Execute 1 jobs...

[Fri Feb 14 10:57:16 2025]
localrule clean_sumstats_binary:
    input: /dartfs/rc/lab/S/Szhao/katieh/organoid-rotation/raw-sumstats/MVP_R4.1000G_AGR.Phe_578_8.EUR.GIA.dbGaP.txt.gz
    output: /dartfs/rc/lab/S/Szhao/katieh/organoid-rotation/cleaned-sumstats/Phe_578_8_sumstats.txt.gz
    jobid: 1
    reason: Missing output files: /dartfs/rc/lab/S/Szhao/katieh/organoid-rotation/cleaned-sumstats/Phe_578_8_sumstats.txt.gz
    wildcards: binary_traits=Phe_578_8
    resources: tmpdir=/scratch/f007fdw

