host: t03.hpcc.dartmouth.edu
host: t03.hpcc.dartmouth.edu
host: t03.hpcc.dartmouth.edu
Building DAG of jobs...
Building DAG of jobs...
Building DAG of jobs...
Traceback (most recent call last):

  File "/dartfs-hpc/rc/home/w/f007fdw/.conda/envs/snakemake/lib/python3.11/site-packages/snakemake/cli.py", line 2156, in args_to_api
    dag_api.execute_workflow(

  File "/dartfs-hpc/rc/home/w/f007fdw/.conda/envs/snakemake/lib/python3.11/site-packages/snakemake/api.py", line 595, in execute_workflow
    workflow.execute(

  File "/dartfs-hpc/rc/home/w/f007fdw/.conda/envs/snakemake/lib/python3.11/site-packages/snakemake/workflow.py", line 1125, in execute
    with self.persistence.lock():

  File "/dartfs-hpc/rc/home/w/f007fdw/.conda/envs/snakemake/lib/python3.11/contextlib.py", line 137, in __enter__
    return next(self.gen)
           ^^^^^^^^^^^^^^

  File "/dartfs-hpc/rc/home/w/f007fdw/.conda/envs/snakemake/lib/python3.11/site-packages/snakemake/persistence.py", line 204, in lock
    if self.locked:
       ^^^^^^^^^^^

  File "/dartfs-hpc/rc/home/w/f007fdw/.conda/envs/snakemake/lib/python3.11/site-packages/snakemake/persistence.py", line 179, in locked
    with open(lockfile) as lock:
         ^^^^^^^^^^^^^^

FileNotFoundError: [Errno 2] No such file or directory: '/dartfs/rc/lab/S/Szhao/katieh/organoid-rotation/code/pipeline/.snakemake/locks/0.input.lock'

Nothing to be done (all requested files are present and up to date).
Nothing to be done (all requested files are present and up to date).
